#! /usr/local/Cellar/icarus-verilog/10.3/bin/vvp
:ivl_version "10.3 (stable)" "(v10_3)";
:ivl_delay_selection "TYPICAL";
:vpi_time_precision - 10;
:vpi_module "system";
:vpi_module "vhdl_sys";
:vpi_module "v2005_math";
:vpi_module "va_math";
S_0x7ff922d00180 .scope module, "t_Simple_Circuit_prop_delay" "t_Simple_Circuit_prop_delay" 2 2;
 .timescale -9 -10;
v0x7ff922d29a90_0 .var "A", 0 0;
v0x7ff922d29b20_0 .var "B", 0 0;
v0x7ff922d29bb0_0 .var "C", 0 0;
v0x7ff922d29c80_0 .var "D", 0 0;
v0x7ff922d29d30_0 .var "E", 0 0;
v0x7ff922d29e00_0 .net "F", 0 0, L_0x7ff922d2a2c0;  1 drivers
S_0x7ff922d19640 .scope module, "M1" "Simple_Circuit_prop_delay" 2 6, 3 2 0, S_0x7ff922d00180;
 .timescale -9 -10;
    .port_info 0 /INPUT 1 "A"
    .port_info 1 /INPUT 1 "B"
    .port_info 2 /INPUT 1 "C"
    .port_info 3 /INPUT 1 "D"
    .port_info 4 /INPUT 1 "E"
    .port_info 5 /OUTPUT 1 "F"
L_0x7ff922d29eb0/d .functor NAND 1, v0x7ff922d29a90_0, v0x7ff922d29b20_0, C4<1>, C4<1>;
L_0x7ff922d29eb0 .delay 1 (300,300,300) L_0x7ff922d29eb0/d;
L_0x7ff922d2a000/d .functor NAND 1, v0x7ff922d29bb0_0, v0x7ff922d29c80_0, C4<1>, C4<1>;
L_0x7ff922d2a000 .delay 1 (300,300,300) L_0x7ff922d2a000/d;
L_0x7ff922d2a180/d .functor NOT 1, v0x7ff922d29d30_0, C4<0>, C4<0>, C4<0>;
L_0x7ff922d2a180 .delay 1 (100,100,100) L_0x7ff922d2a180/d;
L_0x7ff922d2a2c0/d .functor AND 1, L_0x7ff922d29eb0, L_0x7ff922d2a000, L_0x7ff922d2a180, C4<1>;
L_0x7ff922d2a2c0 .delay 1 (200,200,200) L_0x7ff922d2a2c0/d;
v0x7ff922d197a0_0 .net "A", 0 0, v0x7ff922d29a90_0;  1 drivers
v0x7ff922d29470_0 .net "B", 0 0, v0x7ff922d29b20_0;  1 drivers
v0x7ff922d29510_0 .net "C", 0 0, v0x7ff922d29bb0_0;  1 drivers
v0x7ff922d295a0_0 .net "D", 0 0, v0x7ff922d29c80_0;  1 drivers
v0x7ff922d29640_0 .net "E", 0 0, v0x7ff922d29d30_0;  1 drivers
v0x7ff922d29720_0 .net "F", 0 0, L_0x7ff922d2a2c0;  alias, 1 drivers
v0x7ff922d297c0_0 .net "w1", 0 0, L_0x7ff922d29eb0;  1 drivers
v0x7ff922d29860_0 .net "w2", 0 0, L_0x7ff922d2a000;  1 drivers
v0x7ff922d29900_0 .net "w3", 0 0, L_0x7ff922d2a180;  1 drivers
    .scope S_0x7ff922d00180;
T_0 ;
    %pushi/vec4 0, 0, 1;
    %store/vec4 v0x7ff922d29d30_0, 0, 1;
    %pushi/vec4 0, 0, 1;
    %store/vec4 v0x7ff922d29a90_0, 0, 1;
    %pushi/vec4 0, 0, 1;
    %store/vec4 v0x7ff922d29b20_0, 0, 1;
    %pushi/vec4 0, 0, 1;
    %store/vec4 v0x7ff922d29bb0_0, 0, 1;
    %pushi/vec4 0, 0, 1;
    %store/vec4 v0x7ff922d29c80_0, 0, 1;
    %delay 2000, 0;
    %pushi/vec4 0, 0, 1;
    %store/vec4 v0x7ff922d29d30_0, 0, 1;
    %pushi/vec4 0, 0, 1;
    %store/vec4 v0x7ff922d29a90_0, 0, 1;
    %pushi/vec4 0, 0, 1;
    %store/vec4 v0x7ff922d29b20_0, 0, 1;
    %pushi/vec4 1, 0, 1;
    %store/vec4 v0x7ff922d29bb0_0, 0, 1;
    %pushi/vec4 1, 0, 1;
    %store/vec4 v0x7ff922d29c80_0, 0, 1;
    %delay 2000, 0;
    %pushi/vec4 0, 0, 1;
    %store/vec4 v0x7ff922d29d30_0, 0, 1;
    %pushi/vec4 0, 0, 1;
    %store/vec4 v0x7ff922d29a90_0, 0, 1;
    %pushi/vec4 1, 0, 1;
    %store/vec4 v0x7ff922d29b20_0, 0, 1;
    %pushi/vec4 0, 0, 1;
    %store/vec4 v0x7ff922d29bb0_0, 0, 1;
    %pushi/vec4 0, 0, 1;
    %store/vec4 v0x7ff922d29c80_0, 0, 1;
    %delay 2000, 0;
    %pushi/vec4 0, 0, 1;
    %store/vec4 v0x7ff922d29d30_0, 0, 1;
    %pushi/vec4 0, 0, 1;
    %store/vec4 v0x7ff922d29a90_0, 0, 1;
    %pushi/vec4 1, 0, 1;
    %store/vec4 v0x7ff922d29b20_0, 0, 1;
    %pushi/vec4 0, 0, 1;
    %store/vec4 v0x7ff922d29bb0_0, 0, 1;
    %pushi/vec4 1, 0, 1;
    %store/vec4 v0x7ff922d29c80_0, 0, 1;
    %delay 2000, 0;
    %pushi/vec4 0, 0, 1;
    %store/vec4 v0x7ff922d29d30_0, 0, 1;
    %pushi/vec4 1, 0, 1;
    %store/vec4 v0x7ff922d29a90_0, 0, 1;
    %pushi/vec4 1, 0, 1;
    %store/vec4 v0x7ff922d29b20_0, 0, 1;
    %pushi/vec4 0, 0, 1;
    %store/vec4 v0x7ff922d29bb0_0, 0, 1;
    %pushi/vec4 0, 0, 1;
    %store/vec4 v0x7ff922d29c80_0, 0, 1;
    %delay 2000, 0;
    %pushi/vec4 0, 0, 1;
    %store/vec4 v0x7ff922d29d30_0, 0, 1;
    %pushi/vec4 0, 0, 1;
    %store/vec4 v0x7ff922d29a90_0, 0, 1;
    %pushi/vec4 1, 0, 1;
    %store/vec4 v0x7ff922d29b20_0, 0, 1;
    %pushi/vec4 1, 0, 1;
    %store/vec4 v0x7ff922d29bb0_0, 0, 1;
    %pushi/vec4 1, 0, 1;
    %store/vec4 v0x7ff922d29c80_0, 0, 1;
    %delay 2000, 0;
    %pushi/vec4 0, 0, 1;
    %store/vec4 v0x7ff922d29d30_0, 0, 1;
    %pushi/vec4 1, 0, 1;
    %store/vec4 v0x7ff922d29a90_0, 0, 1;
    %pushi/vec4 0, 0, 1;
    %store/vec4 v0x7ff922d29b20_0, 0, 1;
    %pushi/vec4 0, 0, 1;
    %store/vec4 v0x7ff922d29bb0_0, 0, 1;
    %pushi/vec4 0, 0, 1;
    %store/vec4 v0x7ff922d29c80_0, 0, 1;
    %delay 2000, 0;
    %pushi/vec4 0, 0, 1;
    %store/vec4 v0x7ff922d29d30_0, 0, 1;
    %pushi/vec4 1, 0, 1;
    %store/vec4 v0x7ff922d29a90_0, 0, 1;
    %pushi/vec4 0, 0, 1;
    %store/vec4 v0x7ff922d29b20_0, 0, 1;
    %pushi/vec4 0, 0, 1;
    %store/vec4 v0x7ff922d29bb0_0, 0, 1;
    %pushi/vec4 1, 0, 1;
    %store/vec4 v0x7ff922d29c80_0, 0, 1;
    %delay 2000, 0;
    %pushi/vec4 0, 0, 1;
    %store/vec4 v0x7ff922d29d30_0, 0, 1;
    %pushi/vec4 1, 0, 1;
    %store/vec4 v0x7ff922d29a90_0, 0, 1;
    %pushi/vec4 0, 0, 1;
    %store/vec4 v0x7ff922d29b20_0, 0, 1;
    %pushi/vec4 1, 0, 1;
    %store/vec4 v0x7ff922d29bb0_0, 0, 1;
    %pushi/vec4 0, 0, 1;
    %store/vec4 v0x7ff922d29c80_0, 0, 1;
    %delay 2000, 0;
    %pushi/vec4 0, 0, 1;
    %store/vec4 v0x7ff922d29d30_0, 0, 1;
    %pushi/vec4 0, 0, 1;
    %store/vec4 v0x7ff922d29a90_0, 0, 1;
    %pushi/vec4 0, 0, 1;
    %store/vec4 v0x7ff922d29b20_0, 0, 1;
    %pushi/vec4 0, 0, 1;
    %store/vec4 v0x7ff922d29bb0_0, 0, 1;
    %pushi/vec4 1, 0, 1;
    %store/vec4 v0x7ff922d29c80_0, 0, 1;
    %delay 2000, 0;
    %pushi/vec4 0, 0, 1;
    %store/vec4 v0x7ff922d29d30_0, 0, 1;
    %pushi/vec4 1, 0, 1;
    %store/vec4 v0x7ff922d29a90_0, 0, 1;
    %pushi/vec4 0, 0, 1;
    %store/vec4 v0x7ff922d29b20_0, 0, 1;
    %pushi/vec4 1, 0, 1;
    %store/vec4 v0x7ff922d29bb0_0, 0, 1;
    %pushi/vec4 1, 0, 1;
    %store/vec4 v0x7ff922d29c80_0, 0, 1;
    %delay 2000, 0;
    %pushi/vec4 1, 0, 1;
    %store/vec4 v0x7ff922d29d30_0, 0, 1;
    %pushi/vec4 1, 0, 1;
    %store/vec4 v0x7ff922d29a90_0, 0, 1;
    %pushi/vec4 1, 0, 1;
    %store/vec4 v0x7ff922d29b20_0, 0, 1;
    %pushi/vec4 0, 0, 1;
    %store/vec4 v0x7ff922d29bb0_0, 0, 1;
    %pushi/vec4 0, 0, 1;
    %store/vec4 v0x7ff922d29c80_0, 0, 1;
    %delay 2000, 0;
    %pushi/vec4 1, 0, 1;
    %store/vec4 v0x7ff922d29d30_0, 0, 1;
    %pushi/vec4 0, 0, 1;
    %store/vec4 v0x7ff922d29a90_0, 0, 1;
    %pushi/vec4 0, 0, 1;
    %store/vec4 v0x7ff922d29b20_0, 0, 1;
    %pushi/vec4 0, 0, 1;
    %store/vec4 v0x7ff922d29bb0_0, 0, 1;
    %pushi/vec4 1, 0, 1;
    %store/vec4 v0x7ff922d29c80_0, 0, 1;
    %delay 2000, 0;
    %pushi/vec4 0, 0, 1;
    %store/vec4 v0x7ff922d29d30_0, 0, 1;
    %pushi/vec4 1, 0, 1;
    %store/vec4 v0x7ff922d29a90_0, 0, 1;
    %pushi/vec4 1, 0, 1;
    %store/vec4 v0x7ff922d29b20_0, 0, 1;
    %pushi/vec4 0, 0, 1;
    %store/vec4 v0x7ff922d29bb0_0, 0, 1;
    %pushi/vec4 1, 0, 1;
    %store/vec4 v0x7ff922d29c80_0, 0, 1;
    %delay 2000, 0;
    %pushi/vec4 1, 0, 1;
    %store/vec4 v0x7ff922d29d30_0, 0, 1;
    %pushi/vec4 0, 0, 1;
    %store/vec4 v0x7ff922d29a90_0, 0, 1;
    %pushi/vec4 1, 0, 1;
    %store/vec4 v0x7ff922d29b20_0, 0, 1;
    %pushi/vec4 0, 0, 1;
    %store/vec4 v0x7ff922d29bb0_0, 0, 1;
    %pushi/vec4 1, 0, 1;
    %store/vec4 v0x7ff922d29c80_0, 0, 1;
    %delay 2000, 0;
    %pushi/vec4 0, 0, 1;
    %store/vec4 v0x7ff922d29d30_0, 0, 1;
    %pushi/vec4 0, 0, 1;
    %store/vec4 v0x7ff922d29a90_0, 0, 1;
    %pushi/vec4 0, 0, 1;
    %store/vec4 v0x7ff922d29b20_0, 0, 1;
    %pushi/vec4 1, 0, 1;
    %store/vec4 v0x7ff922d29bb0_0, 0, 1;
    %pushi/vec4 0, 0, 1;
    %store/vec4 v0x7ff922d29c80_0, 0, 1;
    %delay 2000, 0;
    %pushi/vec4 1, 0, 1;
    %store/vec4 v0x7ff922d29d30_0, 0, 1;
    %pushi/vec4 0, 0, 1;
    %store/vec4 v0x7ff922d29a90_0, 0, 1;
    %pushi/vec4 1, 0, 1;
    %store/vec4 v0x7ff922d29b20_0, 0, 1;
    %pushi/vec4 1, 0, 1;
    %store/vec4 v0x7ff922d29bb0_0, 0, 1;
    %pushi/vec4 1, 0, 1;
    %store/vec4 v0x7ff922d29c80_0, 0, 1;
    %delay 2000, 0;
    %pushi/vec4 0, 0, 1;
    %store/vec4 v0x7ff922d29d30_0, 0, 1;
    %pushi/vec4 1, 0, 1;
    %store/vec4 v0x7ff922d29a90_0, 0, 1;
    %pushi/vec4 1, 0, 1;
    %store/vec4 v0x7ff922d29b20_0, 0, 1;
    %pushi/vec4 1, 0, 1;
    %store/vec4 v0x7ff922d29bb0_0, 0, 1;
    %pushi/vec4 1, 0, 1;
    %store/vec4 v0x7ff922d29c80_0, 0, 1;
    %delay 2000, 0;
    %pushi/vec4 1, 0, 1;
    %store/vec4 v0x7ff922d29d30_0, 0, 1;
    %pushi/vec4 0, 0, 1;
    %store/vec4 v0x7ff922d29a90_0, 0, 1;
    %pushi/vec4 0, 0, 1;
    %store/vec4 v0x7ff922d29b20_0, 0, 1;
    %pushi/vec4 0, 0, 1;
    %store/vec4 v0x7ff922d29bb0_0, 0, 1;
    %pushi/vec4 0, 0, 1;
    %store/vec4 v0x7ff922d29c80_0, 0, 1;
    %delay 2000, 0;
    %pushi/vec4 0, 0, 1;
    %store/vec4 v0x7ff922d29d30_0, 0, 1;
    %pushi/vec4 1, 0, 1;
    %store/vec4 v0x7ff922d29a90_0, 0, 1;
    %pushi/vec4 1, 0, 1;
    %store/vec4 v0x7ff922d29b20_0, 0, 1;
    %pushi/vec4 1, 0, 1;
    %store/vec4 v0x7ff922d29bb0_0, 0, 1;
    %pushi/vec4 0, 0, 1;
    %store/vec4 v0x7ff922d29c80_0, 0, 1;
    %delay 2000, 0;
    %pushi/vec4 1, 0, 1;
    %store/vec4 v0x7ff922d29d30_0, 0, 1;
    %pushi/vec4 0, 0, 1;
    %store/vec4 v0x7ff922d29a90_0, 0, 1;
    %pushi/vec4 0, 0, 1;
    %store/vec4 v0x7ff922d29b20_0, 0, 1;
    %pushi/vec4 1, 0, 1;
    %store/vec4 v0x7ff922d29bb0_0, 0, 1;
    %pushi/vec4 0, 0, 1;
    %store/vec4 v0x7ff922d29c80_0, 0, 1;
    %delay 2000, 0;
    %pushi/vec4 0, 0, 1;
    %store/vec4 v0x7ff922d29d30_0, 0, 1;
    %pushi/vec4 0, 0, 1;
    %store/vec4 v0x7ff922d29a90_0, 0, 1;
    %pushi/vec4 1, 0, 1;
    %store/vec4 v0x7ff922d29b20_0, 0, 1;
    %pushi/vec4 1, 0, 1;
    %store/vec4 v0x7ff922d29bb0_0, 0, 1;
    %pushi/vec4 0, 0, 1;
    %store/vec4 v0x7ff922d29c80_0, 0, 1;
    %delay 2000, 0;
    %pushi/vec4 1, 0, 1;
    %store/vec4 v0x7ff922d29d30_0, 0, 1;
    %pushi/vec4 1, 0, 1;
    %store/vec4 v0x7ff922d29a90_0, 0, 1;
    %pushi/vec4 1, 0, 1;
    %store/vec4 v0x7ff922d29b20_0, 0, 1;
    %pushi/vec4 0, 0, 1;
    %store/vec4 v0x7ff922d29bb0_0, 0, 1;
    %pushi/vec4 1, 0, 1;
    %store/vec4 v0x7ff922d29c80_0, 0, 1;
    %delay 2000, 0;
    %pushi/vec4 1, 0, 1;
    %store/vec4 v0x7ff922d29d30_0, 0, 1;
    %pushi/vec4 0, 0, 1;
    %store/vec4 v0x7ff922d29a90_0, 0, 1;
    %pushi/vec4 0, 0, 1;
    %store/vec4 v0x7ff922d29b20_0, 0, 1;
    %pushi/vec4 1, 0, 1;
    %store/vec4 v0x7ff922d29bb0_0, 0, 1;
    %pushi/vec4 1, 0, 1;
    %store/vec4 v0x7ff922d29c80_0, 0, 1;
    %delay 2000, 0;
    %pushi/vec4 1, 0, 1;
    %store/vec4 v0x7ff922d29d30_0, 0, 1;
    %pushi/vec4 0, 0, 1;
    %store/vec4 v0x7ff922d29a90_0, 0, 1;
    %pushi/vec4 1, 0, 1;
    %store/vec4 v0x7ff922d29b20_0, 0, 1;
    %pushi/vec4 0, 0, 1;
    %store/vec4 v0x7ff922d29bb0_0, 0, 1;
    %pushi/vec4 0, 0, 1;
    %store/vec4 v0x7ff922d29c80_0, 0, 1;
    %delay 2000, 0;
    %pushi/vec4 1, 0, 1;
    %store/vec4 v0x7ff922d29d30_0, 0, 1;
    %pushi/vec4 1, 0, 1;
    %store/vec4 v0x7ff922d29a90_0, 0, 1;
    %pushi/vec4 0, 0, 1;
    %store/vec4 v0x7ff922d29b20_0, 0, 1;
    %pushi/vec4 0, 0, 1;
    %store/vec4 v0x7ff922d29bb0_0, 0, 1;
    %pushi/vec4 0, 0, 1;
    %store/vec4 v0x7ff922d29c80_0, 0, 1;
    %delay 2000, 0;
    %pushi/vec4 1, 0, 1;
    %store/vec4 v0x7ff922d29d30_0, 0, 1;
    %pushi/vec4 1, 0, 1;
    %store/vec4 v0x7ff922d29a90_0, 0, 1;
    %pushi/vec4 0, 0, 1;
    %store/vec4 v0x7ff922d29b20_0, 0, 1;
    %pushi/vec4 0, 0, 1;
    %store/vec4 v0x7ff922d29bb0_0, 0, 1;
    %pushi/vec4 1, 0, 1;
    %store/vec4 v0x7ff922d29c80_0, 0, 1;
    %delay 2000, 0;
    %pushi/vec4 1, 0, 1;
    %store/vec4 v0x7ff922d29d30_0, 0, 1;
    %pushi/vec4 1, 0, 1;
    %store/vec4 v0x7ff922d29a90_0, 0, 1;
    %pushi/vec4 0, 0, 1;
    %store/vec4 v0x7ff922d29b20_0, 0, 1;
    %pushi/vec4 1, 0, 1;
    %store/vec4 v0x7ff922d29bb0_0, 0, 1;
    %pushi/vec4 0, 0, 1;
    %store/vec4 v0x7ff922d29c80_0, 0, 1;
    %end;
    .thread T_0;
    .scope S_0x7ff922d00180;
T_1 ;
    %delay 54000, 0;
    %vpi_call 2 39 "$finish" {0 0 0};
    %end;
    .thread T_1;
    .scope S_0x7ff922d00180;
T_2 ;
    %vpi_call 2 40 "$dumpvars" {0 0 0};
    %end;
    .thread T_2;
# The file index is used to find the file name in the following table.
:file_names 4;
    "N/A";
    "<interactive>";
    "22.v";
    "2.v";
