#! /usr/local/Cellar/icarus-verilog/10.3/bin/vvp
:ivl_version "10.3 (stable)" "(v10_3)";
:ivl_delay_selection "TYPICAL";
:vpi_time_precision - 10;
:vpi_module "system";
:vpi_module "vhdl_sys";
:vpi_module "v2005_math";
:vpi_module "va_math";
S_0x7fcb8af05050 .scope module, "Adder_TB" "Adder_TB" 2 5;
 .timescale -9 -10;
v0x7fcb8af50870_0 .var "A", 15 0;
v0x7fcb8af50940_0 .var "B", 15 0;
v0x7fcb8af50a10_0 .net "CLA_s", 15 0, L_0x7fcb8af655a0;  1 drivers
v0x7fcb8af50aa0_0 .var "Cin", 0 0;
v0x7fcb8af50bb0_0 .net "Cout1", 0 0, L_0x7fcb8af6f0c0;  1 drivers
v0x7fcb8af50c80_0 .net "Cout2", 0 0, L_0x7fcb8af640e0;  1 drivers
v0x7fcb8af50d50_0 .net "RCA_s", 15 0, L_0x7fcb8af6f240;  1 drivers
S_0x7fcb8af06d10 .scope module, "CLA" "CLA_16bit" 2 14, 2 144 0, S_0x7fcb8af05050;
 .timescale -9 -10;
    .port_info 0 /INPUT 16 "A"
    .port_info 1 /INPUT 16 "B"
    .port_info 2 /INPUT 1 "Cin"
    .port_info 3 /OUTPUT 16 "S"
    .port_info 4 /OUTPUT 1 "Cout"
v0x7fcb8af47dd0_0 .net "A", 15 0, v0x7fcb8af50870_0;  1 drivers
v0x7fcb8af47e60_0 .net "B", 15 0, v0x7fcb8af50940_0;  1 drivers
v0x7fcb8af47ef0_0 .net "C", 3 1, L_0x7fcb8af60260;  1 drivers
v0x7fcb8af47f80_0 .net "Cin", 0 0, v0x7fcb8af50aa0_0;  1 drivers
v0x7fcb8af48010_0 .net "Cout", 0 0, L_0x7fcb8af640e0;  alias, 1 drivers
v0x7fcb8af480e0_0 .net "S", 15 0, L_0x7fcb8af655a0;  alias, 1 drivers
L_0x7fcb8af55ed0 .part v0x7fcb8af50870_0, 0, 4;
L_0x7fcb8af55f70 .part v0x7fcb8af50940_0, 0, 4;
L_0x7fcb8af5afe0 .part v0x7fcb8af50870_0, 4, 4;
L_0x7fcb8af5b100 .part v0x7fcb8af50940_0, 4, 4;
L_0x7fcb8af5b220 .part L_0x7fcb8af60260, 0, 1;
L_0x7fcb8af60260 .concat8 [ 1 1 1 0], L_0x7fcb8af54a50, L_0x7fcb8af59b20, L_0x7fcb8af5eda0;
L_0x7fcb8af60380 .part v0x7fcb8af50870_0, 8, 4;
L_0x7fcb8af60420 .part v0x7fcb8af50940_0, 8, 4;
L_0x7fcb8af604c0 .part L_0x7fcb8af60260, 1, 1;
L_0x7fcb8af655a0 .concat8 [ 4 4 4 4], L_0x7fcb8af55610, L_0x7fcb8af5a720, L_0x7fcb8af5f9a0, L_0x7fcb8af64ce0;
L_0x7fcb8af65700 .part v0x7fcb8af50870_0, 12, 4;
L_0x7fcb8af65800 .part v0x7fcb8af50940_0, 12, 4;
L_0x7fcb8af658a0 .part L_0x7fcb8af60260, 2, 1;
S_0x7fcb8af168f0 .scope module, "F0_3" "CLA_4bit" 2 152, 2 53 0, S_0x7fcb8af06d10;
 .timescale -9 -10;
    .port_info 0 /OUTPUT 4 "S"
    .port_info 1 /OUTPUT 1 "Cout"
    .port_info 2 /INPUT 4 "A"
    .port_info 3 /INPUT 4 "B"
    .port_info 4 /INPUT 1 "Cin"
L_0x7fcb8af50de0/d .functor AND 1, L_0x7fcb8af50eb0, L_0x7fcb8af50ff0, C4<1>, C4<1>;
L_0x7fcb8af50de0 .delay 1 (100,100,100) L_0x7fcb8af50de0/d;
L_0x7fcb8af510d0/d .functor AND 1, L_0x7fcb8af511e0, L_0x7fcb8af51360, C4<1>, C4<1>;
L_0x7fcb8af510d0 .delay 1 (100,100,100) L_0x7fcb8af510d0/d;
L_0x7fcb8af51480/d .functor AND 1, L_0x7fcb8af51550, L_0x7fcb8af516a0, C4<1>, C4<1>;
L_0x7fcb8af51480 .delay 1 (100,100,100) L_0x7fcb8af51480/d;
L_0x7fcb8af51910/d .functor AND 1, L_0x7fcb8af51a00, L_0x7fcb8af51bc0, C4<1>, C4<1>;
L_0x7fcb8af51910 .delay 1 (100,100,100) L_0x7fcb8af51910/d;
L_0x7fcb8af51d30/d .functor XOR 1, L_0x7fcb8af51dd0, L_0x7fcb8af51ee0, C4<0>, C4<0>;
L_0x7fcb8af51d30 .delay 1 (200,200,200) L_0x7fcb8af51d30/d;
L_0x7fcb8af52020/d .functor XOR 1, L_0x7fcb8af52090, L_0x7fcb8af521d0, C4<0>, C4<0>;
L_0x7fcb8af52020 .delay 1 (200,200,200) L_0x7fcb8af52020/d;
L_0x7fcb8af52320/d .functor XOR 1, L_0x7fcb8af523d0, L_0x7fcb8af52510, C4<0>, C4<0>;
L_0x7fcb8af52320 .delay 1 (200,200,200) L_0x7fcb8af52320/d;
L_0x7fcb8af52790/d .functor XOR 1, L_0x7fcb8af52880, L_0x7fcb8af52b50, C4<0>, C4<0>;
L_0x7fcb8af52790 .delay 1 (200,200,200) L_0x7fcb8af52790/d;
L_0x7fcb8af525f0/d .functor AND 1, L_0x7fcb8af52d40, v0x7fcb8af50aa0_0, C4<1>, C4<1>;
L_0x7fcb8af525f0 .delay 1 (100,100,100) L_0x7fcb8af525f0/d;
L_0x7fcb8af52e90/d .functor OR 1, L_0x7fcb8af52f00, L_0x7fcb8af525f0, C4<0>, C4<0>;
L_0x7fcb8af52e90 .delay 1 (150,150,150) L_0x7fcb8af52e90/d;
L_0x7fcb8af53080/d .functor AND 1, L_0x7fcb8af53190, L_0x7fcb8af52df0, C4<1>, C4<1>;
L_0x7fcb8af53080 .delay 1 (100,100,100) L_0x7fcb8af53080/d;
L_0x7fcb8af53360/d .functor AND 1, L_0x7fcb8af53410, L_0x7fcb8af525f0, C4<1>, C4<1>;
L_0x7fcb8af53360 .delay 1 (100,100,100) L_0x7fcb8af53360/d;
L_0x7fcb8af53690/d .functor OR 1, L_0x7fcb8af53080, L_0x7fcb8af53360, L_0x7fcb8af53840, C4<0>;
L_0x7fcb8af53690 .delay 1 (200,200,200) L_0x7fcb8af53690/d;
L_0x7fcb8af53960/d .functor AND 1, L_0x7fcb8af539d0, L_0x7fcb8af53ba0, C4<1>, C4<1>;
L_0x7fcb8af53960 .delay 1 (100,100,100) L_0x7fcb8af53960/d;
L_0x7fcb8af535d0/d .functor AND 1, L_0x7fcb8af53d80, L_0x7fcb8af53080, C4<1>, C4<1>;
L_0x7fcb8af535d0 .delay 1 (100,100,100) L_0x7fcb8af535d0/d;
L_0x7fcb8af53700/d .functor AND 1, L_0x7fcb8af53f00, L_0x7fcb8af53360, C4<1>, C4<1>;
L_0x7fcb8af53700 .delay 1 (200,200,200) L_0x7fcb8af53700/d;
L_0x7fcb8af54190/d .functor OR 1, L_0x7fcb8af53960, L_0x7fcb8af535d0, L_0x7fcb8af53700, L_0x7fcb8af543f0;
L_0x7fcb8af54190 .delay 1 (250,250,250) L_0x7fcb8af54190/d;
L_0x7fcb8af53c40/d .functor AND 1, L_0x7fcb8af544d0, L_0x7fcb8af54810, C4<1>, C4<1>;
L_0x7fcb8af53c40 .delay 1 (100,100,100) L_0x7fcb8af53c40/d;
L_0x7fcb8af540a0/d .functor AND 1, L_0x7fcb8af549b0, L_0x7fcb8af53960, C4<1>, C4<1>;
L_0x7fcb8af540a0 .delay 1 (100,100,100) L_0x7fcb8af540a0/d;
L_0x7fcb8af542b0/d .functor AND 1, L_0x7fcb8af54710, L_0x7fcb8af535d0, C4<1>, C4<1>;
L_0x7fcb8af542b0 .delay 1 (100,100,100) L_0x7fcb8af542b0/d;
L_0x7fcb8af54ba0/d .functor AND 1, L_0x7fcb8af548b0, L_0x7fcb8af53700, C4<1>, C4<1>;
L_0x7fcb8af54ba0 .delay 1 (100,100,100) L_0x7fcb8af54ba0/d;
L_0x7fcb8af54a50/0/0 .functor OR 1, L_0x7fcb8af53c40, L_0x7fcb8af540a0, L_0x7fcb8af542b0, L_0x7fcb8af54ba0;
L_0x7fcb8af54a50/0/4 .functor OR 1, L_0x7fcb8af54f70, C4<0>, C4<0>, C4<0>;
L_0x7fcb8af54a50/d .functor OR 1, L_0x7fcb8af54a50/0/0, L_0x7fcb8af54a50/0/4, C4<0>, C4<0>;
L_0x7fcb8af54a50 .delay 1 (300,300,300) L_0x7fcb8af54a50/d;
L_0x7fcb8af551b0/d .functor XOR 1, L_0x7fcb8af55320, v0x7fcb8af50aa0_0, C4<0>, C4<0>;
L_0x7fcb8af551b0 .delay 1 (200,200,200) L_0x7fcb8af551b0/d;
L_0x7fcb8af54c50/d .functor XOR 1, L_0x7fcb8af54d90, L_0x7fcb8af55530, C4<0>, C4<0>;
L_0x7fcb8af54c50 .delay 1 (200,200,200) L_0x7fcb8af54c50/d;
L_0x7fcb8af553c0/d .functor XOR 1, L_0x7fcb8af55850, L_0x7fcb8af55220, C4<0>, C4<0>;
L_0x7fcb8af553c0 .delay 1 (200,200,200) L_0x7fcb8af553c0/d;
L_0x7fcb8af55ac0/d .functor XOR 1, L_0x7fcb8af55bb0, L_0x7fcb8af55930, C4<0>, C4<0>;
L_0x7fcb8af55ac0 .delay 1 (200,200,200) L_0x7fcb8af55ac0/d;
v0x7fcb8af16ad0_0 .net "A", 3 0, L_0x7fcb8af55ed0;  1 drivers
v0x7fcb8af3afd0_0 .net "B", 3 0, L_0x7fcb8af55f70;  1 drivers
v0x7fcb8af3b070_0 .net "C", 3 1, L_0x7fcb8af54000;  1 drivers
v0x7fcb8af3b120_0 .net "Cin", 0 0, v0x7fcb8af50aa0_0;  alias, 1 drivers
v0x7fcb8af3b1c0_0 .net "Cout", 0 0, L_0x7fcb8af54a50;  1 drivers
v0x7fcb8af3b2a0_0 .net "G", 0 3, L_0x7fcb8af51780;  1 drivers
v0x7fcb8af3b350_0 .net "P", 0 3, L_0x7fcb8af52670;  1 drivers
v0x7fcb8af3b400_0 .net "S", 3 0, L_0x7fcb8af55610;  1 drivers
v0x7fcb8af3b4b0_0 .net *"_s0", 0 0, L_0x7fcb8af50de0;  1 drivers
v0x7fcb8af3b5c0_0 .net *"_s100", 0 0, L_0x7fcb8af55530;  1 drivers
v0x7fcb8af3b670_0 .net *"_s101", 0 0, L_0x7fcb8af553c0;  1 drivers
v0x7fcb8af3b720_0 .net *"_s104", 0 0, L_0x7fcb8af55850;  1 drivers
v0x7fcb8af3b7d0_0 .net *"_s106", 0 0, L_0x7fcb8af55220;  1 drivers
v0x7fcb8af3b880_0 .net *"_s107", 0 0, L_0x7fcb8af55ac0;  1 drivers
v0x7fcb8af3b930_0 .net *"_s11", 0 0, L_0x7fcb8af51360;  1 drivers
v0x7fcb8af3b9e0_0 .net *"_s111", 0 0, L_0x7fcb8af55bb0;  1 drivers
v0x7fcb8af3ba90_0 .net *"_s113", 0 0, L_0x7fcb8af55930;  1 drivers
v0x7fcb8af3bc20_0 .net *"_s12", 0 0, L_0x7fcb8af51480;  1 drivers
v0x7fcb8af3bcb0_0 .net *"_s15", 0 0, L_0x7fcb8af51550;  1 drivers
v0x7fcb8af3bd60_0 .net *"_s17", 0 0, L_0x7fcb8af516a0;  1 drivers
v0x7fcb8af3be10_0 .net *"_s18", 0 0, L_0x7fcb8af51910;  1 drivers
v0x7fcb8af3bec0_0 .net *"_s22", 0 0, L_0x7fcb8af51a00;  1 drivers
v0x7fcb8af3bf70_0 .net *"_s24", 0 0, L_0x7fcb8af51bc0;  1 drivers
v0x7fcb8af3c020_0 .net *"_s25", 0 0, L_0x7fcb8af51d30;  1 drivers
v0x7fcb8af3c0d0_0 .net *"_s28", 0 0, L_0x7fcb8af51dd0;  1 drivers
v0x7fcb8af3c180_0 .net *"_s3", 0 0, L_0x7fcb8af50eb0;  1 drivers
v0x7fcb8af3c230_0 .net *"_s30", 0 0, L_0x7fcb8af51ee0;  1 drivers
v0x7fcb8af3c2e0_0 .net *"_s31", 0 0, L_0x7fcb8af52020;  1 drivers
v0x7fcb8af3c390_0 .net *"_s34", 0 0, L_0x7fcb8af52090;  1 drivers
v0x7fcb8af3c440_0 .net *"_s36", 0 0, L_0x7fcb8af521d0;  1 drivers
v0x7fcb8af3c4f0_0 .net *"_s37", 0 0, L_0x7fcb8af52320;  1 drivers
v0x7fcb8af3c5a0_0 .net *"_s40", 0 0, L_0x7fcb8af523d0;  1 drivers
v0x7fcb8af3c650_0 .net *"_s42", 0 0, L_0x7fcb8af52510;  1 drivers
v0x7fcb8af3bb40_0 .net *"_s43", 0 0, L_0x7fcb8af52790;  1 drivers
v0x7fcb8af3c8e0_0 .net *"_s47", 0 0, L_0x7fcb8af52880;  1 drivers
v0x7fcb8af3c970_0 .net *"_s49", 0 0, L_0x7fcb8af52b50;  1 drivers
v0x7fcb8af3ca10_0 .net *"_s5", 0 0, L_0x7fcb8af50ff0;  1 drivers
v0x7fcb8af3cac0_0 .net *"_s51", 0 0, L_0x7fcb8af52d40;  1 drivers
v0x7fcb8af3cb70_0 .net *"_s52", 0 0, L_0x7fcb8af52e90;  1 drivers
v0x7fcb8af3cc20_0 .net *"_s55", 0 0, L_0x7fcb8af52f00;  1 drivers
v0x7fcb8af3ccd0_0 .net *"_s57", 0 0, L_0x7fcb8af53190;  1 drivers
v0x7fcb8af3cd80_0 .net *"_s59", 0 0, L_0x7fcb8af52df0;  1 drivers
v0x7fcb8af3ce30_0 .net *"_s6", 0 0, L_0x7fcb8af510d0;  1 drivers
v0x7fcb8af3cee0_0 .net *"_s61", 0 0, L_0x7fcb8af53410;  1 drivers
v0x7fcb8af3cf90_0 .net *"_s62", 0 0, L_0x7fcb8af53690;  1 drivers
v0x7fcb8af3d040_0 .net *"_s65", 0 0, L_0x7fcb8af53840;  1 drivers
v0x7fcb8af3d0f0_0 .net *"_s67", 0 0, L_0x7fcb8af539d0;  1 drivers
v0x7fcb8af3d1a0_0 .net *"_s69", 0 0, L_0x7fcb8af53ba0;  1 drivers
v0x7fcb8af3d250_0 .net *"_s71", 0 0, L_0x7fcb8af53d80;  1 drivers
v0x7fcb8af3d300_0 .net *"_s73", 0 0, L_0x7fcb8af53f00;  1 drivers
v0x7fcb8af3d3b0_0 .net *"_s74", 0 0, L_0x7fcb8af54190;  1 drivers
v0x7fcb8af3d460_0 .net *"_s78", 0 0, L_0x7fcb8af543f0;  1 drivers
v0x7fcb8af3d510_0 .net *"_s80", 0 0, L_0x7fcb8af544d0;  1 drivers
v0x7fcb8af3d5c0_0 .net *"_s82", 0 0, L_0x7fcb8af54810;  1 drivers
v0x7fcb8af3d670_0 .net *"_s84", 0 0, L_0x7fcb8af549b0;  1 drivers
v0x7fcb8af3d720_0 .net *"_s86", 0 0, L_0x7fcb8af54710;  1 drivers
v0x7fcb8af3d7d0_0 .net *"_s88", 0 0, L_0x7fcb8af548b0;  1 drivers
v0x7fcb8af3d880_0 .net *"_s9", 0 0, L_0x7fcb8af511e0;  1 drivers
v0x7fcb8af3d930_0 .net *"_s90", 0 0, L_0x7fcb8af54f70;  1 drivers
v0x7fcb8af3d9e0_0 .net *"_s91", 0 0, L_0x7fcb8af551b0;  1 drivers
v0x7fcb8af3da90_0 .net *"_s94", 0 0, L_0x7fcb8af55320;  1 drivers
v0x7fcb8af3db40_0 .net *"_s95", 0 0, L_0x7fcb8af54c50;  1 drivers
v0x7fcb8af3dbf0_0 .net *"_s98", 0 0, L_0x7fcb8af54d90;  1 drivers
v0x7fcb8af3dca0_0 .net "tmp1", 0 0, L_0x7fcb8af525f0;  1 drivers
v0x7fcb8af3dd40_0 .net "tmp10", 0 0, L_0x7fcb8af54ba0;  1 drivers
v0x7fcb8af3c6f0_0 .net "tmp2", 0 0, L_0x7fcb8af53080;  1 drivers
v0x7fcb8af3c790_0 .net "tmp3", 0 0, L_0x7fcb8af53360;  1 drivers
v0x7fcb8af3c830_0 .net "tmp4", 0 0, L_0x7fcb8af53960;  1 drivers
v0x7fcb8af3ddd0_0 .net "tmp5", 0 0, L_0x7fcb8af535d0;  1 drivers
v0x7fcb8af3de60_0 .net "tmp6", 0 0, L_0x7fcb8af53700;  1 drivers
v0x7fcb8af3df00_0 .net "tmp7", 0 0, L_0x7fcb8af53c40;  1 drivers
v0x7fcb8af3dfa0_0 .net "tmp8", 0 0, L_0x7fcb8af540a0;  1 drivers
v0x7fcb8af3e040_0 .net "tmp9", 0 0, L_0x7fcb8af542b0;  1 drivers
L_0x7fcb8af50eb0 .part L_0x7fcb8af55ed0, 0, 1;
L_0x7fcb8af50ff0 .part L_0x7fcb8af55f70, 0, 1;
L_0x7fcb8af511e0 .part L_0x7fcb8af55ed0, 1, 1;
L_0x7fcb8af51360 .part L_0x7fcb8af55f70, 1, 1;
L_0x7fcb8af51550 .part L_0x7fcb8af55ed0, 2, 1;
L_0x7fcb8af516a0 .part L_0x7fcb8af55f70, 2, 1;
L_0x7fcb8af51780 .concat8 [ 1 1 1 1], L_0x7fcb8af51910, L_0x7fcb8af51480, L_0x7fcb8af510d0, L_0x7fcb8af50de0;
L_0x7fcb8af51a00 .part L_0x7fcb8af55ed0, 3, 1;
L_0x7fcb8af51bc0 .part L_0x7fcb8af55f70, 3, 1;
L_0x7fcb8af51dd0 .part L_0x7fcb8af55ed0, 0, 1;
L_0x7fcb8af51ee0 .part L_0x7fcb8af55f70, 0, 1;
L_0x7fcb8af52090 .part L_0x7fcb8af55ed0, 1, 1;
L_0x7fcb8af521d0 .part L_0x7fcb8af55f70, 1, 1;
L_0x7fcb8af523d0 .part L_0x7fcb8af55ed0, 2, 1;
L_0x7fcb8af52510 .part L_0x7fcb8af55f70, 2, 1;
L_0x7fcb8af52670 .concat8 [ 1 1 1 1], L_0x7fcb8af52790, L_0x7fcb8af52320, L_0x7fcb8af52020, L_0x7fcb8af51d30;
L_0x7fcb8af52880 .part L_0x7fcb8af55ed0, 3, 1;
L_0x7fcb8af52b50 .part L_0x7fcb8af55f70, 3, 1;
L_0x7fcb8af52d40 .part L_0x7fcb8af52670, 3, 1;
L_0x7fcb8af52f00 .part L_0x7fcb8af51780, 3, 1;
L_0x7fcb8af53190 .part L_0x7fcb8af52670, 2, 1;
L_0x7fcb8af52df0 .part L_0x7fcb8af51780, 3, 1;
L_0x7fcb8af53410 .part L_0x7fcb8af52670, 2, 1;
L_0x7fcb8af53840 .part L_0x7fcb8af51780, 2, 1;
L_0x7fcb8af539d0 .part L_0x7fcb8af52670, 1, 1;
L_0x7fcb8af53ba0 .part L_0x7fcb8af51780, 2, 1;
L_0x7fcb8af53d80 .part L_0x7fcb8af52670, 1, 1;
L_0x7fcb8af53f00 .part L_0x7fcb8af52670, 1, 1;
L_0x7fcb8af54000 .concat8 [ 1 1 1 0], L_0x7fcb8af52e90, L_0x7fcb8af53690, L_0x7fcb8af54190;
L_0x7fcb8af543f0 .part L_0x7fcb8af51780, 1, 1;
L_0x7fcb8af544d0 .part L_0x7fcb8af52670, 0, 1;
L_0x7fcb8af54810 .part L_0x7fcb8af51780, 1, 1;
L_0x7fcb8af549b0 .part L_0x7fcb8af52670, 0, 1;
L_0x7fcb8af54710 .part L_0x7fcb8af52670, 0, 1;
L_0x7fcb8af548b0 .part L_0x7fcb8af52670, 0, 1;
L_0x7fcb8af54f70 .part L_0x7fcb8af51780, 0, 1;
L_0x7fcb8af55320 .part L_0x7fcb8af52670, 3, 1;
L_0x7fcb8af54d90 .part L_0x7fcb8af52670, 2, 1;
L_0x7fcb8af55530 .part L_0x7fcb8af54000, 0, 1;
L_0x7fcb8af55850 .part L_0x7fcb8af52670, 1, 1;
L_0x7fcb8af55220 .part L_0x7fcb8af54000, 1, 1;
L_0x7fcb8af55610 .concat8 [ 1 1 1 1], L_0x7fcb8af551b0, L_0x7fcb8af54c50, L_0x7fcb8af553c0, L_0x7fcb8af55ac0;
L_0x7fcb8af55bb0 .part L_0x7fcb8af52670, 0, 1;
L_0x7fcb8af55930 .part L_0x7fcb8af54000, 2, 1;
S_0x7fcb8af3e160 .scope module, "F12_15" "CLA_4bit" 2 155, 2 53 0, S_0x7fcb8af06d10;
 .timescale -9 -10;
    .port_info 0 /OUTPUT 4 "S"
    .port_info 1 /OUTPUT 1 "Cout"
    .port_info 2 /INPUT 4 "A"
    .port_info 3 /INPUT 4 "B"
    .port_info 4 /INPUT 1 "Cin"
L_0x7fcb8af605b0/d .functor AND 1, L_0x7fcb8af60620, L_0x7fcb8af60760, C4<1>, C4<1>;
L_0x7fcb8af605b0 .delay 1 (100,100,100) L_0x7fcb8af605b0/d;
L_0x7fcb8af60840/d .functor AND 1, L_0x7fcb8af608f0, L_0x7fcb8af60a70, C4<1>, C4<1>;
L_0x7fcb8af60840 .delay 1 (100,100,100) L_0x7fcb8af60840/d;
L_0x7fcb8af60b90/d .functor AND 1, L_0x7fcb8af60c40, L_0x7fcb8af60d80, C4<1>, C4<1>;
L_0x7fcb8af60b90 .delay 1 (100,100,100) L_0x7fcb8af60b90/d;
L_0x7fcb8af61030/d .functor AND 1, L_0x7fcb8af61120, L_0x7fcb8af612e0, C4<1>, C4<1>;
L_0x7fcb8af61030 .delay 1 (100,100,100) L_0x7fcb8af61030/d;
L_0x7fcb8af61450/d .functor XOR 1, L_0x7fcb8af614c0, L_0x7fcb8af615c0, C4<0>, C4<0>;
L_0x7fcb8af61450 .delay 1 (200,200,200) L_0x7fcb8af61450/d;
L_0x7fcb8af61700/d .functor XOR 1, L_0x7fcb8af61770, L_0x7fcb8af618b0, C4<0>, C4<0>;
L_0x7fcb8af61700 .delay 1 (200,200,200) L_0x7fcb8af61700/d;
L_0x7fcb8af61a00/d .functor XOR 1, L_0x7fcb8af61ab0, L_0x7fcb8af61bf0, C4<0>, C4<0>;
L_0x7fcb8af61a00 .delay 1 (200,200,200) L_0x7fcb8af61a00/d;
L_0x7fcb8af61e70/d .functor XOR 1, L_0x7fcb8af61f60, L_0x7fcb8af62230, C4<0>, C4<0>;
L_0x7fcb8af61e70 .delay 1 (200,200,200) L_0x7fcb8af61e70/d;
L_0x7fcb8af61cd0/d .functor AND 1, L_0x7fcb8af62420, L_0x7fcb8af658a0, C4<1>, C4<1>;
L_0x7fcb8af61cd0 .delay 1 (100,100,100) L_0x7fcb8af61cd0/d;
L_0x7fcb8af62570/d .functor OR 1, L_0x7fcb8af625e0, L_0x7fcb8af61cd0, C4<0>, C4<0>;
L_0x7fcb8af62570 .delay 1 (150,150,150) L_0x7fcb8af62570/d;
L_0x7fcb8af62760/d .functor AND 1, L_0x7fcb8af62870, L_0x7fcb8af624d0, C4<1>, C4<1>;
L_0x7fcb8af62760 .delay 1 (100,100,100) L_0x7fcb8af62760/d;
L_0x7fcb8af62a40/d .functor AND 1, L_0x7fcb8af62af0, L_0x7fcb8af61cd0, C4<1>, C4<1>;
L_0x7fcb8af62a40 .delay 1 (100,100,100) L_0x7fcb8af62a40/d;
L_0x7fcb8af62d70/d .functor OR 1, L_0x7fcb8af62760, L_0x7fcb8af62a40, L_0x7fcb8af62f20, C4<0>;
L_0x7fcb8af62d70 .delay 1 (200,200,200) L_0x7fcb8af62d70/d;
L_0x7fcb8af63040/d .functor AND 1, L_0x7fcb8af630b0, L_0x7fcb8af63280, C4<1>, C4<1>;
L_0x7fcb8af63040 .delay 1 (100,100,100) L_0x7fcb8af63040/d;
L_0x7fcb8af62cb0/d .functor AND 1, L_0x7fcb8af63460, L_0x7fcb8af62760, C4<1>, C4<1>;
L_0x7fcb8af62cb0 .delay 1 (100,100,100) L_0x7fcb8af62cb0/d;
L_0x7fcb8af62de0/d .functor AND 1, L_0x7fcb8af631d0, L_0x7fcb8af62a40, C4<1>, C4<1>;
L_0x7fcb8af62de0 .delay 1 (200,200,200) L_0x7fcb8af62de0/d;
L_0x7fcb8af63850/d .functor OR 1, L_0x7fcb8af63040, L_0x7fcb8af62cb0, L_0x7fcb8af62de0, L_0x7fcb8af63a80;
L_0x7fcb8af63850 .delay 1 (250,250,250) L_0x7fcb8af63850/d;
L_0x7fcb8af63320/d .functor AND 1, L_0x7fcb8af63b60, L_0x7fcb8af63ea0, C4<1>, C4<1>;
L_0x7fcb8af63320 .delay 1 (100,100,100) L_0x7fcb8af63320/d;
L_0x7fcb8af63760/d .functor AND 1, L_0x7fcb8af64040, L_0x7fcb8af63040, C4<1>, C4<1>;
L_0x7fcb8af63760 .delay 1 (100,100,100) L_0x7fcb8af63760/d;
L_0x7fcb8af63940/d .functor AND 1, L_0x7fcb8af63da0, L_0x7fcb8af62cb0, C4<1>, C4<1>;
L_0x7fcb8af63940 .delay 1 (100,100,100) L_0x7fcb8af63940/d;
L_0x7fcb8af64230/d .functor AND 1, L_0x7fcb8af63f40, L_0x7fcb8af62de0, C4<1>, C4<1>;
L_0x7fcb8af64230 .delay 1 (100,100,100) L_0x7fcb8af64230/d;
L_0x7fcb8af640e0/0/0 .functor OR 1, L_0x7fcb8af63320, L_0x7fcb8af63760, L_0x7fcb8af63940, L_0x7fcb8af64230;
L_0x7fcb8af640e0/0/4 .functor OR 1, L_0x7fcb8af64600, C4<0>, C4<0>, C4<0>;
L_0x7fcb8af640e0/d .functor OR 1, L_0x7fcb8af640e0/0/0, L_0x7fcb8af640e0/0/4, C4<0>, C4<0>;
L_0x7fcb8af640e0 .delay 1 (300,300,300) L_0x7fcb8af640e0/d;
L_0x7fcb8af64840/d .functor XOR 1, L_0x7fcb8af649f0, L_0x7fcb8af658a0, C4<0>, C4<0>;
L_0x7fcb8af64840 .delay 1 (200,200,200) L_0x7fcb8af64840/d;
L_0x7fcb8af642e0/d .functor XOR 1, L_0x7fcb8af64420, L_0x7fcb8af64c00, C4<0>, C4<0>;
L_0x7fcb8af642e0 .delay 1 (200,200,200) L_0x7fcb8af642e0/d;
L_0x7fcb8af64a90/d .functor XOR 1, L_0x7fcb8af64f20, L_0x7fcb8af648b0, C4<0>, C4<0>;
L_0x7fcb8af64a90 .delay 1 (200,200,200) L_0x7fcb8af64a90/d;
L_0x7fcb8af65190/d .functor XOR 1, L_0x7fcb8af65280, L_0x7fcb8af65000, C4<0>, C4<0>;
L_0x7fcb8af65190 .delay 1 (200,200,200) L_0x7fcb8af65190/d;
v0x7fcb8af3e340_0 .net "A", 3 0, L_0x7fcb8af65700;  1 drivers
v0x7fcb8af3e3d0_0 .net "B", 3 0, L_0x7fcb8af65800;  1 drivers
v0x7fcb8af3e480_0 .net "C", 3 1, L_0x7fcb8af63620;  1 drivers
v0x7fcb8af3e540_0 .net "Cin", 0 0, L_0x7fcb8af658a0;  1 drivers
v0x7fcb8af3e5e0_0 .net "Cout", 0 0, L_0x7fcb8af640e0;  alias, 1 drivers
v0x7fcb8af3e6c0_0 .net "G", 0 3, L_0x7fcb8af60e60;  1 drivers
v0x7fcb8af3e770_0 .net "P", 0 3, L_0x7fcb8af61d50;  1 drivers
v0x7fcb8af3e820_0 .net "S", 3 0, L_0x7fcb8af64ce0;  1 drivers
v0x7fcb8af3e8d0_0 .net *"_s0", 0 0, L_0x7fcb8af605b0;  1 drivers
v0x7fcb8af3e9e0_0 .net *"_s100", 0 0, L_0x7fcb8af64c00;  1 drivers
v0x7fcb8af3ea90_0 .net *"_s101", 0 0, L_0x7fcb8af64a90;  1 drivers
v0x7fcb8af3eb40_0 .net *"_s104", 0 0, L_0x7fcb8af64f20;  1 drivers
v0x7fcb8af3ebf0_0 .net *"_s106", 0 0, L_0x7fcb8af648b0;  1 drivers
v0x7fcb8af3eca0_0 .net *"_s107", 0 0, L_0x7fcb8af65190;  1 drivers
v0x7fcb8af3ed50_0 .net *"_s11", 0 0, L_0x7fcb8af60a70;  1 drivers
v0x7fcb8af3ee00_0 .net *"_s111", 0 0, L_0x7fcb8af65280;  1 drivers
v0x7fcb8af3eeb0_0 .net *"_s113", 0 0, L_0x7fcb8af65000;  1 drivers
v0x7fcb8af3f040_0 .net *"_s12", 0 0, L_0x7fcb8af60b90;  1 drivers
v0x7fcb8af3f0d0_0 .net *"_s15", 0 0, L_0x7fcb8af60c40;  1 drivers
v0x7fcb8af3f180_0 .net *"_s17", 0 0, L_0x7fcb8af60d80;  1 drivers
v0x7fcb8af3f230_0 .net *"_s18", 0 0, L_0x7fcb8af61030;  1 drivers
v0x7fcb8af3f2e0_0 .net *"_s22", 0 0, L_0x7fcb8af61120;  1 drivers
v0x7fcb8af3f390_0 .net *"_s24", 0 0, L_0x7fcb8af612e0;  1 drivers
v0x7fcb8af3f440_0 .net *"_s25", 0 0, L_0x7fcb8af61450;  1 drivers
v0x7fcb8af3f4f0_0 .net *"_s28", 0 0, L_0x7fcb8af614c0;  1 drivers
v0x7fcb8af3f5a0_0 .net *"_s3", 0 0, L_0x7fcb8af60620;  1 drivers
v0x7fcb8af3f650_0 .net *"_s30", 0 0, L_0x7fcb8af615c0;  1 drivers
v0x7fcb8af3f700_0 .net *"_s31", 0 0, L_0x7fcb8af61700;  1 drivers
v0x7fcb8af3f7b0_0 .net *"_s34", 0 0, L_0x7fcb8af61770;  1 drivers
v0x7fcb8af3f860_0 .net *"_s36", 0 0, L_0x7fcb8af618b0;  1 drivers
v0x7fcb8af3f910_0 .net *"_s37", 0 0, L_0x7fcb8af61a00;  1 drivers
v0x7fcb8af3f9c0_0 .net *"_s40", 0 0, L_0x7fcb8af61ab0;  1 drivers
v0x7fcb8af3fa70_0 .net *"_s42", 0 0, L_0x7fcb8af61bf0;  1 drivers
v0x7fcb8af3ef60_0 .net *"_s43", 0 0, L_0x7fcb8af61e70;  1 drivers
v0x7fcb8af3fd00_0 .net *"_s47", 0 0, L_0x7fcb8af61f60;  1 drivers
v0x7fcb8af3fd90_0 .net *"_s49", 0 0, L_0x7fcb8af62230;  1 drivers
v0x7fcb8af3fe30_0 .net *"_s5", 0 0, L_0x7fcb8af60760;  1 drivers
v0x7fcb8af3fee0_0 .net *"_s51", 0 0, L_0x7fcb8af62420;  1 drivers
v0x7fcb8af3ff90_0 .net *"_s52", 0 0, L_0x7fcb8af62570;  1 drivers
v0x7fcb8af40040_0 .net *"_s55", 0 0, L_0x7fcb8af625e0;  1 drivers
v0x7fcb8af400f0_0 .net *"_s57", 0 0, L_0x7fcb8af62870;  1 drivers
v0x7fcb8af401a0_0 .net *"_s59", 0 0, L_0x7fcb8af624d0;  1 drivers
v0x7fcb8af40250_0 .net *"_s6", 0 0, L_0x7fcb8af60840;  1 drivers
v0x7fcb8af40300_0 .net *"_s61", 0 0, L_0x7fcb8af62af0;  1 drivers
v0x7fcb8af403b0_0 .net *"_s62", 0 0, L_0x7fcb8af62d70;  1 drivers
v0x7fcb8af40460_0 .net *"_s65", 0 0, L_0x7fcb8af62f20;  1 drivers
v0x7fcb8af40510_0 .net *"_s67", 0 0, L_0x7fcb8af630b0;  1 drivers
v0x7fcb8af405c0_0 .net *"_s69", 0 0, L_0x7fcb8af63280;  1 drivers
v0x7fcb8af40670_0 .net *"_s71", 0 0, L_0x7fcb8af63460;  1 drivers
v0x7fcb8af40720_0 .net *"_s73", 0 0, L_0x7fcb8af631d0;  1 drivers
v0x7fcb8af407d0_0 .net *"_s74", 0 0, L_0x7fcb8af63850;  1 drivers
v0x7fcb8af40880_0 .net *"_s78", 0 0, L_0x7fcb8af63a80;  1 drivers
v0x7fcb8af40930_0 .net *"_s80", 0 0, L_0x7fcb8af63b60;  1 drivers
v0x7fcb8af409e0_0 .net *"_s82", 0 0, L_0x7fcb8af63ea0;  1 drivers
v0x7fcb8af40a90_0 .net *"_s84", 0 0, L_0x7fcb8af64040;  1 drivers
v0x7fcb8af40b40_0 .net *"_s86", 0 0, L_0x7fcb8af63da0;  1 drivers
v0x7fcb8af40bf0_0 .net *"_s88", 0 0, L_0x7fcb8af63f40;  1 drivers
v0x7fcb8af40ca0_0 .net *"_s9", 0 0, L_0x7fcb8af608f0;  1 drivers
v0x7fcb8af40d50_0 .net *"_s90", 0 0, L_0x7fcb8af64600;  1 drivers
v0x7fcb8af40e00_0 .net *"_s91", 0 0, L_0x7fcb8af64840;  1 drivers
v0x7fcb8af40eb0_0 .net *"_s94", 0 0, L_0x7fcb8af649f0;  1 drivers
v0x7fcb8af40f60_0 .net *"_s95", 0 0, L_0x7fcb8af642e0;  1 drivers
v0x7fcb8af41010_0 .net *"_s98", 0 0, L_0x7fcb8af64420;  1 drivers
v0x7fcb8af410c0_0 .net "tmp1", 0 0, L_0x7fcb8af61cd0;  1 drivers
v0x7fcb8af41160_0 .net "tmp10", 0 0, L_0x7fcb8af64230;  1 drivers
v0x7fcb8af3fb10_0 .net "tmp2", 0 0, L_0x7fcb8af62760;  1 drivers
v0x7fcb8af3fbb0_0 .net "tmp3", 0 0, L_0x7fcb8af62a40;  1 drivers
v0x7fcb8af3fc50_0 .net "tmp4", 0 0, L_0x7fcb8af63040;  1 drivers
v0x7fcb8af411f0_0 .net "tmp5", 0 0, L_0x7fcb8af62cb0;  1 drivers
v0x7fcb8af41280_0 .net "tmp6", 0 0, L_0x7fcb8af62de0;  1 drivers
v0x7fcb8af41320_0 .net "tmp7", 0 0, L_0x7fcb8af63320;  1 drivers
v0x7fcb8af413c0_0 .net "tmp8", 0 0, L_0x7fcb8af63760;  1 drivers
v0x7fcb8af41460_0 .net "tmp9", 0 0, L_0x7fcb8af63940;  1 drivers
L_0x7fcb8af60620 .part L_0x7fcb8af65700, 0, 1;
L_0x7fcb8af60760 .part L_0x7fcb8af65800, 0, 1;
L_0x7fcb8af608f0 .part L_0x7fcb8af65700, 1, 1;
L_0x7fcb8af60a70 .part L_0x7fcb8af65800, 1, 1;
L_0x7fcb8af60c40 .part L_0x7fcb8af65700, 2, 1;
L_0x7fcb8af60d80 .part L_0x7fcb8af65800, 2, 1;
L_0x7fcb8af60e60 .concat8 [ 1 1 1 1], L_0x7fcb8af61030, L_0x7fcb8af60b90, L_0x7fcb8af60840, L_0x7fcb8af605b0;
L_0x7fcb8af61120 .part L_0x7fcb8af65700, 3, 1;
L_0x7fcb8af612e0 .part L_0x7fcb8af65800, 3, 1;
L_0x7fcb8af614c0 .part L_0x7fcb8af65700, 0, 1;
L_0x7fcb8af615c0 .part L_0x7fcb8af65800, 0, 1;
L_0x7fcb8af61770 .part L_0x7fcb8af65700, 1, 1;
L_0x7fcb8af618b0 .part L_0x7fcb8af65800, 1, 1;
L_0x7fcb8af61ab0 .part L_0x7fcb8af65700, 2, 1;
L_0x7fcb8af61bf0 .part L_0x7fcb8af65800, 2, 1;
L_0x7fcb8af61d50 .concat8 [ 1 1 1 1], L_0x7fcb8af61e70, L_0x7fcb8af61a00, L_0x7fcb8af61700, L_0x7fcb8af61450;
L_0x7fcb8af61f60 .part L_0x7fcb8af65700, 3, 1;
L_0x7fcb8af62230 .part L_0x7fcb8af65800, 3, 1;
L_0x7fcb8af62420 .part L_0x7fcb8af61d50, 3, 1;
L_0x7fcb8af625e0 .part L_0x7fcb8af60e60, 3, 1;
L_0x7fcb8af62870 .part L_0x7fcb8af61d50, 2, 1;
L_0x7fcb8af624d0 .part L_0x7fcb8af60e60, 3, 1;
L_0x7fcb8af62af0 .part L_0x7fcb8af61d50, 2, 1;
L_0x7fcb8af62f20 .part L_0x7fcb8af60e60, 2, 1;
L_0x7fcb8af630b0 .part L_0x7fcb8af61d50, 1, 1;
L_0x7fcb8af63280 .part L_0x7fcb8af60e60, 2, 1;
L_0x7fcb8af63460 .part L_0x7fcb8af61d50, 1, 1;
L_0x7fcb8af631d0 .part L_0x7fcb8af61d50, 1, 1;
L_0x7fcb8af63620 .concat8 [ 1 1 1 0], L_0x7fcb8af62570, L_0x7fcb8af62d70, L_0x7fcb8af63850;
L_0x7fcb8af63a80 .part L_0x7fcb8af60e60, 1, 1;
L_0x7fcb8af63b60 .part L_0x7fcb8af61d50, 0, 1;
L_0x7fcb8af63ea0 .part L_0x7fcb8af60e60, 1, 1;
L_0x7fcb8af64040 .part L_0x7fcb8af61d50, 0, 1;
L_0x7fcb8af63da0 .part L_0x7fcb8af61d50, 0, 1;
L_0x7fcb8af63f40 .part L_0x7fcb8af61d50, 0, 1;
L_0x7fcb8af64600 .part L_0x7fcb8af60e60, 0, 1;
L_0x7fcb8af649f0 .part L_0x7fcb8af61d50, 3, 1;
L_0x7fcb8af64420 .part L_0x7fcb8af61d50, 2, 1;
L_0x7fcb8af64c00 .part L_0x7fcb8af63620, 0, 1;
L_0x7fcb8af64f20 .part L_0x7fcb8af61d50, 1, 1;
L_0x7fcb8af648b0 .part L_0x7fcb8af63620, 1, 1;
L_0x7fcb8af64ce0 .concat8 [ 1 1 1 1], L_0x7fcb8af64840, L_0x7fcb8af642e0, L_0x7fcb8af64a90, L_0x7fcb8af65190;
L_0x7fcb8af65280 .part L_0x7fcb8af61d50, 0, 1;
L_0x7fcb8af65000 .part L_0x7fcb8af63620, 2, 1;
S_0x7fcb8af41580 .scope module, "F4_7" "CLA_4bit" 2 153, 2 53 0, S_0x7fcb8af06d10;
 .timescale -9 -10;
    .port_info 0 /OUTPUT 4 "S"
    .port_info 1 /OUTPUT 1 "Cout"
    .port_info 2 /INPUT 4 "A"
    .port_info 3 /INPUT 4 "B"
    .port_info 4 /INPUT 1 "Cin"
L_0x7fcb8af55a10/d .functor AND 1, L_0x7fcb8af56010, L_0x7fcb8af56150, C4<1>, C4<1>;
L_0x7fcb8af55a10 .delay 1 (100,100,100) L_0x7fcb8af55a10/d;
L_0x7fcb8af56230/d .functor AND 1, L_0x7fcb8af562e0, L_0x7fcb8af56460, C4<1>, C4<1>;
L_0x7fcb8af56230 .delay 1 (100,100,100) L_0x7fcb8af56230/d;
L_0x7fcb8af56580/d .functor AND 1, L_0x7fcb8af56630, L_0x7fcb8af567a0, C4<1>, C4<1>;
L_0x7fcb8af56580 .delay 1 (100,100,100) L_0x7fcb8af56580/d;
L_0x7fcb8af56a50/d .functor AND 1, L_0x7fcb8af56b40, L_0x7fcb8af56d00, C4<1>, C4<1>;
L_0x7fcb8af56a50 .delay 1 (100,100,100) L_0x7fcb8af56a50/d;
L_0x7fcb8af56e70/d .functor XOR 1, L_0x7fcb8af56ee0, L_0x7fcb8af56fe0, C4<0>, C4<0>;
L_0x7fcb8af56e70 .delay 1 (200,200,200) L_0x7fcb8af56e70/d;
L_0x7fcb8af57120/d .functor XOR 1, L_0x7fcb8af57190, L_0x7fcb8af572d0, C4<0>, C4<0>;
L_0x7fcb8af57120 .delay 1 (200,200,200) L_0x7fcb8af57120/d;
L_0x7fcb8af57420/d .functor XOR 1, L_0x7fcb8af574d0, L_0x7fcb8af57610, C4<0>, C4<0>;
L_0x7fcb8af57420 .delay 1 (200,200,200) L_0x7fcb8af57420/d;
L_0x7fcb8af57890/d .functor XOR 1, L_0x7fcb8af57980, L_0x7fcb8af57c50, C4<0>, C4<0>;
L_0x7fcb8af57890 .delay 1 (200,200,200) L_0x7fcb8af57890/d;
L_0x7fcb8af576f0/d .functor AND 1, L_0x7fcb8af57e40, L_0x7fcb8af5b220, C4<1>, C4<1>;
L_0x7fcb8af576f0 .delay 1 (100,100,100) L_0x7fcb8af576f0/d;
L_0x7fcb8af57f90/d .functor OR 1, L_0x7fcb8af58000, L_0x7fcb8af576f0, C4<0>, C4<0>;
L_0x7fcb8af57f90 .delay 1 (150,150,150) L_0x7fcb8af57f90/d;
L_0x7fcb8af58180/d .functor AND 1, L_0x7fcb8af58290, L_0x7fcb8af57ef0, C4<1>, C4<1>;
L_0x7fcb8af58180 .delay 1 (100,100,100) L_0x7fcb8af58180/d;
L_0x7fcb8af58460/d .functor AND 1, L_0x7fcb8af58510, L_0x7fcb8af576f0, C4<1>, C4<1>;
L_0x7fcb8af58460 .delay 1 (100,100,100) L_0x7fcb8af58460/d;
L_0x7fcb8af58790/d .functor OR 1, L_0x7fcb8af58180, L_0x7fcb8af58460, L_0x7fcb8af58940, C4<0>;
L_0x7fcb8af58790 .delay 1 (200,200,200) L_0x7fcb8af58790/d;
L_0x7fcb8af58a60/d .functor AND 1, L_0x7fcb8af58ad0, L_0x7fcb8af58ca0, C4<1>, C4<1>;
L_0x7fcb8af58a60 .delay 1 (100,100,100) L_0x7fcb8af58a60/d;
L_0x7fcb8af586d0/d .functor AND 1, L_0x7fcb8af58e80, L_0x7fcb8af58180, C4<1>, C4<1>;
L_0x7fcb8af586d0 .delay 1 (100,100,100) L_0x7fcb8af586d0/d;
L_0x7fcb8af58800/d .functor AND 1, L_0x7fcb8af59000, L_0x7fcb8af58460, C4<1>, C4<1>;
L_0x7fcb8af58800 .delay 1 (200,200,200) L_0x7fcb8af58800/d;
L_0x7fcb8af59290/d .functor OR 1, L_0x7fcb8af58a60, L_0x7fcb8af586d0, L_0x7fcb8af58800, L_0x7fcb8af594c0;
L_0x7fcb8af59290 .delay 1 (250,250,250) L_0x7fcb8af59290/d;
L_0x7fcb8af58d40/d .functor AND 1, L_0x7fcb8af595a0, L_0x7fcb8af598e0, C4<1>, C4<1>;
L_0x7fcb8af58d40 .delay 1 (100,100,100) L_0x7fcb8af58d40/d;
L_0x7fcb8af591a0/d .functor AND 1, L_0x7fcb8af59a80, L_0x7fcb8af58a60, C4<1>, C4<1>;
L_0x7fcb8af591a0 .delay 1 (100,100,100) L_0x7fcb8af591a0/d;
L_0x7fcb8af59380/d .functor AND 1, L_0x7fcb8af597e0, L_0x7fcb8af586d0, C4<1>, C4<1>;
L_0x7fcb8af59380 .delay 1 (100,100,100) L_0x7fcb8af59380/d;
L_0x7fcb8af59c70/d .functor AND 1, L_0x7fcb8af59980, L_0x7fcb8af58800, C4<1>, C4<1>;
L_0x7fcb8af59c70 .delay 1 (100,100,100) L_0x7fcb8af59c70/d;
L_0x7fcb8af59b20/0/0 .functor OR 1, L_0x7fcb8af58d40, L_0x7fcb8af591a0, L_0x7fcb8af59380, L_0x7fcb8af59c70;
L_0x7fcb8af59b20/0/4 .functor OR 1, L_0x7fcb8af5a040, C4<0>, C4<0>, C4<0>;
L_0x7fcb8af59b20/d .functor OR 1, L_0x7fcb8af59b20/0/0, L_0x7fcb8af59b20/0/4, C4<0>, C4<0>;
L_0x7fcb8af59b20 .delay 1 (300,300,300) L_0x7fcb8af59b20/d;
L_0x7fcb8af5a280/d .functor XOR 1, L_0x7fcb8af5a430, L_0x7fcb8af5b220, C4<0>, C4<0>;
L_0x7fcb8af5a280 .delay 1 (200,200,200) L_0x7fcb8af5a280/d;
L_0x7fcb8af59d20/d .functor XOR 1, L_0x7fcb8af59e60, L_0x7fcb8af5a640, C4<0>, C4<0>;
L_0x7fcb8af59d20 .delay 1 (200,200,200) L_0x7fcb8af59d20/d;
L_0x7fcb8af5a4d0/d .functor XOR 1, L_0x7fcb8af5a960, L_0x7fcb8af5a2f0, C4<0>, C4<0>;
L_0x7fcb8af5a4d0 .delay 1 (200,200,200) L_0x7fcb8af5a4d0/d;
L_0x7fcb8af5abd0/d .functor XOR 1, L_0x7fcb8af5acc0, L_0x7fcb8af5aa40, C4<0>, C4<0>;
L_0x7fcb8af5abd0 .delay 1 (200,200,200) L_0x7fcb8af5abd0/d;
v0x7fcb8af41760_0 .net "A", 3 0, L_0x7fcb8af5afe0;  1 drivers
v0x7fcb8af41800_0 .net "B", 3 0, L_0x7fcb8af5b100;  1 drivers
v0x7fcb8af418b0_0 .net "C", 3 1, L_0x7fcb8af59100;  1 drivers
v0x7fcb8af41970_0 .net "Cin", 0 0, L_0x7fcb8af5b220;  1 drivers
v0x7fcb8af41a10_0 .net "Cout", 0 0, L_0x7fcb8af59b20;  1 drivers
v0x7fcb8af41af0_0 .net "G", 0 3, L_0x7fcb8af56880;  1 drivers
v0x7fcb8af41ba0_0 .net "P", 0 3, L_0x7fcb8af57770;  1 drivers
v0x7fcb8af41c50_0 .net "S", 3 0, L_0x7fcb8af5a720;  1 drivers
v0x7fcb8af41d00_0 .net *"_s0", 0 0, L_0x7fcb8af55a10;  1 drivers
v0x7fcb8af41e10_0 .net *"_s100", 0 0, L_0x7fcb8af5a640;  1 drivers
v0x7fcb8af41ec0_0 .net *"_s101", 0 0, L_0x7fcb8af5a4d0;  1 drivers
v0x7fcb8af41f70_0 .net *"_s104", 0 0, L_0x7fcb8af5a960;  1 drivers
v0x7fcb8af42020_0 .net *"_s106", 0 0, L_0x7fcb8af5a2f0;  1 drivers
v0x7fcb8af420d0_0 .net *"_s107", 0 0, L_0x7fcb8af5abd0;  1 drivers
v0x7fcb8af42180_0 .net *"_s11", 0 0, L_0x7fcb8af56460;  1 drivers
v0x7fcb8af42230_0 .net *"_s111", 0 0, L_0x7fcb8af5acc0;  1 drivers
v0x7fcb8af422e0_0 .net *"_s113", 0 0, L_0x7fcb8af5aa40;  1 drivers
v0x7fcb8af42470_0 .net *"_s12", 0 0, L_0x7fcb8af56580;  1 drivers
v0x7fcb8af42500_0 .net *"_s15", 0 0, L_0x7fcb8af56630;  1 drivers
v0x7fcb8af425b0_0 .net *"_s17", 0 0, L_0x7fcb8af567a0;  1 drivers
v0x7fcb8af42660_0 .net *"_s18", 0 0, L_0x7fcb8af56a50;  1 drivers
v0x7fcb8af42710_0 .net *"_s22", 0 0, L_0x7fcb8af56b40;  1 drivers
v0x7fcb8af427c0_0 .net *"_s24", 0 0, L_0x7fcb8af56d00;  1 drivers
v0x7fcb8af42870_0 .net *"_s25", 0 0, L_0x7fcb8af56e70;  1 drivers
v0x7fcb8af42920_0 .net *"_s28", 0 0, L_0x7fcb8af56ee0;  1 drivers
v0x7fcb8af429d0_0 .net *"_s3", 0 0, L_0x7fcb8af56010;  1 drivers
v0x7fcb8af42a80_0 .net *"_s30", 0 0, L_0x7fcb8af56fe0;  1 drivers
v0x7fcb8af42b30_0 .net *"_s31", 0 0, L_0x7fcb8af57120;  1 drivers
v0x7fcb8af42be0_0 .net *"_s34", 0 0, L_0x7fcb8af57190;  1 drivers
v0x7fcb8af42c90_0 .net *"_s36", 0 0, L_0x7fcb8af572d0;  1 drivers
v0x7fcb8af42d40_0 .net *"_s37", 0 0, L_0x7fcb8af57420;  1 drivers
v0x7fcb8af42df0_0 .net *"_s40", 0 0, L_0x7fcb8af574d0;  1 drivers
v0x7fcb8af42ea0_0 .net *"_s42", 0 0, L_0x7fcb8af57610;  1 drivers
v0x7fcb8af42390_0 .net *"_s43", 0 0, L_0x7fcb8af57890;  1 drivers
v0x7fcb8af43130_0 .net *"_s47", 0 0, L_0x7fcb8af57980;  1 drivers
v0x7fcb8af431c0_0 .net *"_s49", 0 0, L_0x7fcb8af57c50;  1 drivers
v0x7fcb8af43260_0 .net *"_s5", 0 0, L_0x7fcb8af56150;  1 drivers
v0x7fcb8af43310_0 .net *"_s51", 0 0, L_0x7fcb8af57e40;  1 drivers
v0x7fcb8af433c0_0 .net *"_s52", 0 0, L_0x7fcb8af57f90;  1 drivers
v0x7fcb8af43470_0 .net *"_s55", 0 0, L_0x7fcb8af58000;  1 drivers
v0x7fcb8af43520_0 .net *"_s57", 0 0, L_0x7fcb8af58290;  1 drivers
v0x7fcb8af435d0_0 .net *"_s59", 0 0, L_0x7fcb8af57ef0;  1 drivers
v0x7fcb8af43680_0 .net *"_s6", 0 0, L_0x7fcb8af56230;  1 drivers
v0x7fcb8af43730_0 .net *"_s61", 0 0, L_0x7fcb8af58510;  1 drivers
v0x7fcb8af437e0_0 .net *"_s62", 0 0, L_0x7fcb8af58790;  1 drivers
v0x7fcb8af43890_0 .net *"_s65", 0 0, L_0x7fcb8af58940;  1 drivers
v0x7fcb8af43940_0 .net *"_s67", 0 0, L_0x7fcb8af58ad0;  1 drivers
v0x7fcb8af439f0_0 .net *"_s69", 0 0, L_0x7fcb8af58ca0;  1 drivers
v0x7fcb8af43aa0_0 .net *"_s71", 0 0, L_0x7fcb8af58e80;  1 drivers
v0x7fcb8af43b50_0 .net *"_s73", 0 0, L_0x7fcb8af59000;  1 drivers
v0x7fcb8af43c00_0 .net *"_s74", 0 0, L_0x7fcb8af59290;  1 drivers
v0x7fcb8af43cb0_0 .net *"_s78", 0 0, L_0x7fcb8af594c0;  1 drivers
v0x7fcb8af43d60_0 .net *"_s80", 0 0, L_0x7fcb8af595a0;  1 drivers
v0x7fcb8af43e10_0 .net *"_s82", 0 0, L_0x7fcb8af598e0;  1 drivers
v0x7fcb8af43ec0_0 .net *"_s84", 0 0, L_0x7fcb8af59a80;  1 drivers
v0x7fcb8af43f70_0 .net *"_s86", 0 0, L_0x7fcb8af597e0;  1 drivers
v0x7fcb8af44020_0 .net *"_s88", 0 0, L_0x7fcb8af59980;  1 drivers
v0x7fcb8af440d0_0 .net *"_s9", 0 0, L_0x7fcb8af562e0;  1 drivers
v0x7fcb8af44180_0 .net *"_s90", 0 0, L_0x7fcb8af5a040;  1 drivers
v0x7fcb8af44230_0 .net *"_s91", 0 0, L_0x7fcb8af5a280;  1 drivers
v0x7fcb8af442e0_0 .net *"_s94", 0 0, L_0x7fcb8af5a430;  1 drivers
v0x7fcb8af44390_0 .net *"_s95", 0 0, L_0x7fcb8af59d20;  1 drivers
v0x7fcb8af44440_0 .net *"_s98", 0 0, L_0x7fcb8af59e60;  1 drivers
v0x7fcb8af444f0_0 .net "tmp1", 0 0, L_0x7fcb8af576f0;  1 drivers
v0x7fcb8af44590_0 .net "tmp10", 0 0, L_0x7fcb8af59c70;  1 drivers
v0x7fcb8af42f40_0 .net "tmp2", 0 0, L_0x7fcb8af58180;  1 drivers
v0x7fcb8af42fe0_0 .net "tmp3", 0 0, L_0x7fcb8af58460;  1 drivers
v0x7fcb8af43080_0 .net "tmp4", 0 0, L_0x7fcb8af58a60;  1 drivers
v0x7fcb8af44620_0 .net "tmp5", 0 0, L_0x7fcb8af586d0;  1 drivers
v0x7fcb8af446b0_0 .net "tmp6", 0 0, L_0x7fcb8af58800;  1 drivers
v0x7fcb8af44750_0 .net "tmp7", 0 0, L_0x7fcb8af58d40;  1 drivers
v0x7fcb8af447f0_0 .net "tmp8", 0 0, L_0x7fcb8af591a0;  1 drivers
v0x7fcb8af44890_0 .net "tmp9", 0 0, L_0x7fcb8af59380;  1 drivers
L_0x7fcb8af56010 .part L_0x7fcb8af5afe0, 0, 1;
L_0x7fcb8af56150 .part L_0x7fcb8af5b100, 0, 1;
L_0x7fcb8af562e0 .part L_0x7fcb8af5afe0, 1, 1;
L_0x7fcb8af56460 .part L_0x7fcb8af5b100, 1, 1;
L_0x7fcb8af56630 .part L_0x7fcb8af5afe0, 2, 1;
L_0x7fcb8af567a0 .part L_0x7fcb8af5b100, 2, 1;
L_0x7fcb8af56880 .concat8 [ 1 1 1 1], L_0x7fcb8af56a50, L_0x7fcb8af56580, L_0x7fcb8af56230, L_0x7fcb8af55a10;
L_0x7fcb8af56b40 .part L_0x7fcb8af5afe0, 3, 1;
L_0x7fcb8af56d00 .part L_0x7fcb8af5b100, 3, 1;
L_0x7fcb8af56ee0 .part L_0x7fcb8af5afe0, 0, 1;
L_0x7fcb8af56fe0 .part L_0x7fcb8af5b100, 0, 1;
L_0x7fcb8af57190 .part L_0x7fcb8af5afe0, 1, 1;
L_0x7fcb8af572d0 .part L_0x7fcb8af5b100, 1, 1;
L_0x7fcb8af574d0 .part L_0x7fcb8af5afe0, 2, 1;
L_0x7fcb8af57610 .part L_0x7fcb8af5b100, 2, 1;
L_0x7fcb8af57770 .concat8 [ 1 1 1 1], L_0x7fcb8af57890, L_0x7fcb8af57420, L_0x7fcb8af57120, L_0x7fcb8af56e70;
L_0x7fcb8af57980 .part L_0x7fcb8af5afe0, 3, 1;
L_0x7fcb8af57c50 .part L_0x7fcb8af5b100, 3, 1;
L_0x7fcb8af57e40 .part L_0x7fcb8af57770, 3, 1;
L_0x7fcb8af58000 .part L_0x7fcb8af56880, 3, 1;
L_0x7fcb8af58290 .part L_0x7fcb8af57770, 2, 1;
L_0x7fcb8af57ef0 .part L_0x7fcb8af56880, 3, 1;
L_0x7fcb8af58510 .part L_0x7fcb8af57770, 2, 1;
L_0x7fcb8af58940 .part L_0x7fcb8af56880, 2, 1;
L_0x7fcb8af58ad0 .part L_0x7fcb8af57770, 1, 1;
L_0x7fcb8af58ca0 .part L_0x7fcb8af56880, 2, 1;
L_0x7fcb8af58e80 .part L_0x7fcb8af57770, 1, 1;
L_0x7fcb8af59000 .part L_0x7fcb8af57770, 1, 1;
L_0x7fcb8af59100 .concat8 [ 1 1 1 0], L_0x7fcb8af57f90, L_0x7fcb8af58790, L_0x7fcb8af59290;
L_0x7fcb8af594c0 .part L_0x7fcb8af56880, 1, 1;
L_0x7fcb8af595a0 .part L_0x7fcb8af57770, 0, 1;
L_0x7fcb8af598e0 .part L_0x7fcb8af56880, 1, 1;
L_0x7fcb8af59a80 .part L_0x7fcb8af57770, 0, 1;
L_0x7fcb8af597e0 .part L_0x7fcb8af57770, 0, 1;
L_0x7fcb8af59980 .part L_0x7fcb8af57770, 0, 1;
L_0x7fcb8af5a040 .part L_0x7fcb8af56880, 0, 1;
L_0x7fcb8af5a430 .part L_0x7fcb8af57770, 3, 1;
L_0x7fcb8af59e60 .part L_0x7fcb8af57770, 2, 1;
L_0x7fcb8af5a640 .part L_0x7fcb8af59100, 0, 1;
L_0x7fcb8af5a960 .part L_0x7fcb8af57770, 1, 1;
L_0x7fcb8af5a2f0 .part L_0x7fcb8af59100, 1, 1;
L_0x7fcb8af5a720 .concat8 [ 1 1 1 1], L_0x7fcb8af5a280, L_0x7fcb8af59d20, L_0x7fcb8af5a4d0, L_0x7fcb8af5abd0;
L_0x7fcb8af5acc0 .part L_0x7fcb8af57770, 0, 1;
L_0x7fcb8af5aa40 .part L_0x7fcb8af59100, 2, 1;
S_0x7fcb8af449b0 .scope module, "F8_11" "CLA_4bit" 2 154, 2 53 0, S_0x7fcb8af06d10;
 .timescale -9 -10;
    .port_info 0 /OUTPUT 4 "S"
    .port_info 1 /OUTPUT 1 "Cout"
    .port_info 2 /INPUT 4 "A"
    .port_info 3 /INPUT 4 "B"
    .port_info 4 /INPUT 1 "Cin"
L_0x7fcb8af5ab20/d .functor AND 1, L_0x7fcb8af5b2c0, L_0x7fcb8af5b3c0, C4<1>, C4<1>;
L_0x7fcb8af5ab20 .delay 1 (100,100,100) L_0x7fcb8af5ab20/d;
L_0x7fcb8af5b4a0/d .functor AND 1, L_0x7fcb8af5b550, L_0x7fcb8af5b6d0, C4<1>, C4<1>;
L_0x7fcb8af5b4a0 .delay 1 (100,100,100) L_0x7fcb8af5b4a0/d;
L_0x7fcb8af5b7f0/d .functor AND 1, L_0x7fcb8af5b8a0, L_0x7fcb8af5ba10, C4<1>, C4<1>;
L_0x7fcb8af5b7f0 .delay 1 (100,100,100) L_0x7fcb8af5b7f0/d;
L_0x7fcb8af5bcc0/d .functor AND 1, L_0x7fcb8af5bdb0, L_0x7fcb8af5bf70, C4<1>, C4<1>;
L_0x7fcb8af5bcc0 .delay 1 (100,100,100) L_0x7fcb8af5bcc0/d;
L_0x7fcb8af5c0e0/d .functor XOR 1, L_0x7fcb8af5c150, L_0x7fcb8af5c250, C4<0>, C4<0>;
L_0x7fcb8af5c0e0 .delay 1 (200,200,200) L_0x7fcb8af5c0e0/d;
L_0x7fcb8af5c390/d .functor XOR 1, L_0x7fcb8af5c400, L_0x7fcb8af5c540, C4<0>, C4<0>;
L_0x7fcb8af5c390 .delay 1 (200,200,200) L_0x7fcb8af5c390/d;
L_0x7fcb8af5c690/d .functor XOR 1, L_0x7fcb8af5c740, L_0x7fcb8af5c880, C4<0>, C4<0>;
L_0x7fcb8af5c690 .delay 1 (200,200,200) L_0x7fcb8af5c690/d;
L_0x7fcb8af5cb00/d .functor XOR 1, L_0x7fcb8af5cbf0, L_0x7fcb8af5cec0, C4<0>, C4<0>;
L_0x7fcb8af5cb00 .delay 1 (200,200,200) L_0x7fcb8af5cb00/d;
L_0x7fcb8af5c960/d .functor AND 1, L_0x7fcb8af5d0b0, L_0x7fcb8af604c0, C4<1>, C4<1>;
L_0x7fcb8af5c960 .delay 1 (100,100,100) L_0x7fcb8af5c960/d;
L_0x7fcb8af5d200/d .functor OR 1, L_0x7fcb8af5d270, L_0x7fcb8af5c960, C4<0>, C4<0>;
L_0x7fcb8af5d200 .delay 1 (150,150,150) L_0x7fcb8af5d200/d;
L_0x7fcb8af5d3f0/d .functor AND 1, L_0x7fcb8af5d500, L_0x7fcb8af5d160, C4<1>, C4<1>;
L_0x7fcb8af5d3f0 .delay 1 (100,100,100) L_0x7fcb8af5d3f0/d;
L_0x7fcb8af5d6d0/d .functor AND 1, L_0x7fcb8af5d780, L_0x7fcb8af5c960, C4<1>, C4<1>;
L_0x7fcb8af5d6d0 .delay 1 (100,100,100) L_0x7fcb8af5d6d0/d;
L_0x7fcb8af5da00/d .functor OR 1, L_0x7fcb8af5d3f0, L_0x7fcb8af5d6d0, L_0x7fcb8af5dbb0, C4<0>;
L_0x7fcb8af5da00 .delay 1 (200,200,200) L_0x7fcb8af5da00/d;
L_0x7fcb8af5dcd0/d .functor AND 1, L_0x7fcb8af5dd40, L_0x7fcb8af5df10, C4<1>, C4<1>;
L_0x7fcb8af5dcd0 .delay 1 (100,100,100) L_0x7fcb8af5dcd0/d;
L_0x7fcb8af5d940/d .functor AND 1, L_0x7fcb8af5e0f0, L_0x7fcb8af5d3f0, C4<1>, C4<1>;
L_0x7fcb8af5d940 .delay 1 (100,100,100) L_0x7fcb8af5d940/d;
L_0x7fcb8af5da70/d .functor AND 1, L_0x7fcb8af5de60, L_0x7fcb8af5d6d0, C4<1>, C4<1>;
L_0x7fcb8af5da70 .delay 1 (200,200,200) L_0x7fcb8af5da70/d;
L_0x7fcb8af5e4e0/d .functor OR 1, L_0x7fcb8af5dcd0, L_0x7fcb8af5d940, L_0x7fcb8af5da70, L_0x7fcb8af5e740;
L_0x7fcb8af5e4e0 .delay 1 (250,250,250) L_0x7fcb8af5e4e0/d;
L_0x7fcb8af5dfb0/d .functor AND 1, L_0x7fcb8af5e820, L_0x7fcb8af5eb60, C4<1>, C4<1>;
L_0x7fcb8af5dfb0 .delay 1 (100,100,100) L_0x7fcb8af5dfb0/d;
L_0x7fcb8af5e3f0/d .functor AND 1, L_0x7fcb8af5ed00, L_0x7fcb8af5dcd0, C4<1>, C4<1>;
L_0x7fcb8af5e3f0 .delay 1 (100,100,100) L_0x7fcb8af5e3f0/d;
L_0x7fcb8af5e600/d .functor AND 1, L_0x7fcb8af5ea60, L_0x7fcb8af5d940, C4<1>, C4<1>;
L_0x7fcb8af5e600 .delay 1 (100,100,100) L_0x7fcb8af5e600/d;
L_0x7fcb8af5eef0/d .functor AND 1, L_0x7fcb8af5ec00, L_0x7fcb8af5da70, C4<1>, C4<1>;
L_0x7fcb8af5eef0 .delay 1 (100,100,100) L_0x7fcb8af5eef0/d;
L_0x7fcb8af5eda0/0/0 .functor OR 1, L_0x7fcb8af5dfb0, L_0x7fcb8af5e3f0, L_0x7fcb8af5e600, L_0x7fcb8af5eef0;
L_0x7fcb8af5eda0/0/4 .functor OR 1, L_0x7fcb8af5f2c0, C4<0>, C4<0>, C4<0>;
L_0x7fcb8af5eda0/d .functor OR 1, L_0x7fcb8af5eda0/0/0, L_0x7fcb8af5eda0/0/4, C4<0>, C4<0>;
L_0x7fcb8af5eda0 .delay 1 (300,300,300) L_0x7fcb8af5eda0/d;
L_0x7fcb8af5f500/d .functor XOR 1, L_0x7fcb8af5f6b0, L_0x7fcb8af604c0, C4<0>, C4<0>;
L_0x7fcb8af5f500 .delay 1 (200,200,200) L_0x7fcb8af5f500/d;
L_0x7fcb8af5efa0/d .functor XOR 1, L_0x7fcb8af5f0e0, L_0x7fcb8af5f8c0, C4<0>, C4<0>;
L_0x7fcb8af5efa0 .delay 1 (200,200,200) L_0x7fcb8af5efa0/d;
L_0x7fcb8af5f750/d .functor XOR 1, L_0x7fcb8af5fbe0, L_0x7fcb8af5f570, C4<0>, C4<0>;
L_0x7fcb8af5f750 .delay 1 (200,200,200) L_0x7fcb8af5f750/d;
L_0x7fcb8af5fe50/d .functor XOR 1, L_0x7fcb8af5ff40, L_0x7fcb8af5fcc0, C4<0>, C4<0>;
L_0x7fcb8af5fe50 .delay 1 (200,200,200) L_0x7fcb8af5fe50/d;
v0x7fcb8af44b90_0 .net "A", 3 0, L_0x7fcb8af60380;  1 drivers
v0x7fcb8af44c20_0 .net "B", 3 0, L_0x7fcb8af60420;  1 drivers
v0x7fcb8af44cd0_0 .net "C", 3 1, L_0x7fcb8af5e2b0;  1 drivers
v0x7fcb8af44d90_0 .net "Cin", 0 0, L_0x7fcb8af604c0;  1 drivers
v0x7fcb8af44e30_0 .net "Cout", 0 0, L_0x7fcb8af5eda0;  1 drivers
v0x7fcb8af44f10_0 .net "G", 0 3, L_0x7fcb8af5baf0;  1 drivers
v0x7fcb8af44fc0_0 .net "P", 0 3, L_0x7fcb8af5c9e0;  1 drivers
v0x7fcb8af45070_0 .net "S", 3 0, L_0x7fcb8af5f9a0;  1 drivers
v0x7fcb8af45120_0 .net *"_s0", 0 0, L_0x7fcb8af5ab20;  1 drivers
v0x7fcb8af45230_0 .net *"_s100", 0 0, L_0x7fcb8af5f8c0;  1 drivers
v0x7fcb8af452e0_0 .net *"_s101", 0 0, L_0x7fcb8af5f750;  1 drivers
v0x7fcb8af45390_0 .net *"_s104", 0 0, L_0x7fcb8af5fbe0;  1 drivers
v0x7fcb8af45440_0 .net *"_s106", 0 0, L_0x7fcb8af5f570;  1 drivers
v0x7fcb8af454f0_0 .net *"_s107", 0 0, L_0x7fcb8af5fe50;  1 drivers
v0x7fcb8af455a0_0 .net *"_s11", 0 0, L_0x7fcb8af5b6d0;  1 drivers
v0x7fcb8af45650_0 .net *"_s111", 0 0, L_0x7fcb8af5ff40;  1 drivers
v0x7fcb8af45700_0 .net *"_s113", 0 0, L_0x7fcb8af5fcc0;  1 drivers
v0x7fcb8af45890_0 .net *"_s12", 0 0, L_0x7fcb8af5b7f0;  1 drivers
v0x7fcb8af45920_0 .net *"_s15", 0 0, L_0x7fcb8af5b8a0;  1 drivers
v0x7fcb8af459d0_0 .net *"_s17", 0 0, L_0x7fcb8af5ba10;  1 drivers
v0x7fcb8af45a80_0 .net *"_s18", 0 0, L_0x7fcb8af5bcc0;  1 drivers
v0x7fcb8af45b30_0 .net *"_s22", 0 0, L_0x7fcb8af5bdb0;  1 drivers
v0x7fcb8af45be0_0 .net *"_s24", 0 0, L_0x7fcb8af5bf70;  1 drivers
v0x7fcb8af45c90_0 .net *"_s25", 0 0, L_0x7fcb8af5c0e0;  1 drivers
v0x7fcb8af45d40_0 .net *"_s28", 0 0, L_0x7fcb8af5c150;  1 drivers
v0x7fcb8af45df0_0 .net *"_s3", 0 0, L_0x7fcb8af5b2c0;  1 drivers
v0x7fcb8af45ea0_0 .net *"_s30", 0 0, L_0x7fcb8af5c250;  1 drivers
v0x7fcb8af45f50_0 .net *"_s31", 0 0, L_0x7fcb8af5c390;  1 drivers
v0x7fcb8af46000_0 .net *"_s34", 0 0, L_0x7fcb8af5c400;  1 drivers
v0x7fcb8af460b0_0 .net *"_s36", 0 0, L_0x7fcb8af5c540;  1 drivers
v0x7fcb8af46160_0 .net *"_s37", 0 0, L_0x7fcb8af5c690;  1 drivers
v0x7fcb8af46210_0 .net *"_s40", 0 0, L_0x7fcb8af5c740;  1 drivers
v0x7fcb8af462c0_0 .net *"_s42", 0 0, L_0x7fcb8af5c880;  1 drivers
v0x7fcb8af457b0_0 .net *"_s43", 0 0, L_0x7fcb8af5cb00;  1 drivers
v0x7fcb8af46550_0 .net *"_s47", 0 0, L_0x7fcb8af5cbf0;  1 drivers
v0x7fcb8af465e0_0 .net *"_s49", 0 0, L_0x7fcb8af5cec0;  1 drivers
v0x7fcb8af46680_0 .net *"_s5", 0 0, L_0x7fcb8af5b3c0;  1 drivers
v0x7fcb8af46730_0 .net *"_s51", 0 0, L_0x7fcb8af5d0b0;  1 drivers
v0x7fcb8af467e0_0 .net *"_s52", 0 0, L_0x7fcb8af5d200;  1 drivers
v0x7fcb8af46890_0 .net *"_s55", 0 0, L_0x7fcb8af5d270;  1 drivers
v0x7fcb8af46940_0 .net *"_s57", 0 0, L_0x7fcb8af5d500;  1 drivers
v0x7fcb8af469f0_0 .net *"_s59", 0 0, L_0x7fcb8af5d160;  1 drivers
v0x7fcb8af46aa0_0 .net *"_s6", 0 0, L_0x7fcb8af5b4a0;  1 drivers
v0x7fcb8af46b50_0 .net *"_s61", 0 0, L_0x7fcb8af5d780;  1 drivers
v0x7fcb8af46c00_0 .net *"_s62", 0 0, L_0x7fcb8af5da00;  1 drivers
v0x7fcb8af46cb0_0 .net *"_s65", 0 0, L_0x7fcb8af5dbb0;  1 drivers
v0x7fcb8af46d60_0 .net *"_s67", 0 0, L_0x7fcb8af5dd40;  1 drivers
v0x7fcb8af46e10_0 .net *"_s69", 0 0, L_0x7fcb8af5df10;  1 drivers
v0x7fcb8af46ec0_0 .net *"_s71", 0 0, L_0x7fcb8af5e0f0;  1 drivers
v0x7fcb8af46f70_0 .net *"_s73", 0 0, L_0x7fcb8af5de60;  1 drivers
v0x7fcb8af47020_0 .net *"_s74", 0 0, L_0x7fcb8af5e4e0;  1 drivers
v0x7fcb8af470d0_0 .net *"_s78", 0 0, L_0x7fcb8af5e740;  1 drivers
v0x7fcb8af47180_0 .net *"_s80", 0 0, L_0x7fcb8af5e820;  1 drivers
v0x7fcb8af47230_0 .net *"_s82", 0 0, L_0x7fcb8af5eb60;  1 drivers
v0x7fcb8af472e0_0 .net *"_s84", 0 0, L_0x7fcb8af5ed00;  1 drivers
v0x7fcb8af47390_0 .net *"_s86", 0 0, L_0x7fcb8af5ea60;  1 drivers
v0x7fcb8af47440_0 .net *"_s88", 0 0, L_0x7fcb8af5ec00;  1 drivers
v0x7fcb8af474f0_0 .net *"_s9", 0 0, L_0x7fcb8af5b550;  1 drivers
v0x7fcb8af475a0_0 .net *"_s90", 0 0, L_0x7fcb8af5f2c0;  1 drivers
v0x7fcb8af47650_0 .net *"_s91", 0 0, L_0x7fcb8af5f500;  1 drivers
v0x7fcb8af47700_0 .net *"_s94", 0 0, L_0x7fcb8af5f6b0;  1 drivers
v0x7fcb8af477b0_0 .net *"_s95", 0 0, L_0x7fcb8af5efa0;  1 drivers
v0x7fcb8af47860_0 .net *"_s98", 0 0, L_0x7fcb8af5f0e0;  1 drivers
v0x7fcb8af47910_0 .net "tmp1", 0 0, L_0x7fcb8af5c960;  1 drivers
v0x7fcb8af479b0_0 .net "tmp10", 0 0, L_0x7fcb8af5eef0;  1 drivers
v0x7fcb8af46360_0 .net "tmp2", 0 0, L_0x7fcb8af5d3f0;  1 drivers
v0x7fcb8af46400_0 .net "tmp3", 0 0, L_0x7fcb8af5d6d0;  1 drivers
v0x7fcb8af464a0_0 .net "tmp4", 0 0, L_0x7fcb8af5dcd0;  1 drivers
v0x7fcb8af47a40_0 .net "tmp5", 0 0, L_0x7fcb8af5d940;  1 drivers
v0x7fcb8af47ad0_0 .net "tmp6", 0 0, L_0x7fcb8af5da70;  1 drivers
v0x7fcb8af47b70_0 .net "tmp7", 0 0, L_0x7fcb8af5dfb0;  1 drivers
v0x7fcb8af47c10_0 .net "tmp8", 0 0, L_0x7fcb8af5e3f0;  1 drivers
v0x7fcb8af47cb0_0 .net "tmp9", 0 0, L_0x7fcb8af5e600;  1 drivers
L_0x7fcb8af5b2c0 .part L_0x7fcb8af60380, 0, 1;
L_0x7fcb8af5b3c0 .part L_0x7fcb8af60420, 0, 1;
L_0x7fcb8af5b550 .part L_0x7fcb8af60380, 1, 1;
L_0x7fcb8af5b6d0 .part L_0x7fcb8af60420, 1, 1;
L_0x7fcb8af5b8a0 .part L_0x7fcb8af60380, 2, 1;
L_0x7fcb8af5ba10 .part L_0x7fcb8af60420, 2, 1;
L_0x7fcb8af5baf0 .concat8 [ 1 1 1 1], L_0x7fcb8af5bcc0, L_0x7fcb8af5b7f0, L_0x7fcb8af5b4a0, L_0x7fcb8af5ab20;
L_0x7fcb8af5bdb0 .part L_0x7fcb8af60380, 3, 1;
L_0x7fcb8af5bf70 .part L_0x7fcb8af60420, 3, 1;
L_0x7fcb8af5c150 .part L_0x7fcb8af60380, 0, 1;
L_0x7fcb8af5c250 .part L_0x7fcb8af60420, 0, 1;
L_0x7fcb8af5c400 .part L_0x7fcb8af60380, 1, 1;
L_0x7fcb8af5c540 .part L_0x7fcb8af60420, 1, 1;
L_0x7fcb8af5c740 .part L_0x7fcb8af60380, 2, 1;
L_0x7fcb8af5c880 .part L_0x7fcb8af60420, 2, 1;
L_0x7fcb8af5c9e0 .concat8 [ 1 1 1 1], L_0x7fcb8af5cb00, L_0x7fcb8af5c690, L_0x7fcb8af5c390, L_0x7fcb8af5c0e0;
L_0x7fcb8af5cbf0 .part L_0x7fcb8af60380, 3, 1;
L_0x7fcb8af5cec0 .part L_0x7fcb8af60420, 3, 1;
L_0x7fcb8af5d0b0 .part L_0x7fcb8af5c9e0, 3, 1;
L_0x7fcb8af5d270 .part L_0x7fcb8af5baf0, 3, 1;
L_0x7fcb8af5d500 .part L_0x7fcb8af5c9e0, 2, 1;
L_0x7fcb8af5d160 .part L_0x7fcb8af5baf0, 3, 1;
L_0x7fcb8af5d780 .part L_0x7fcb8af5c9e0, 2, 1;
L_0x7fcb8af5dbb0 .part L_0x7fcb8af5baf0, 2, 1;
L_0x7fcb8af5dd40 .part L_0x7fcb8af5c9e0, 1, 1;
L_0x7fcb8af5df10 .part L_0x7fcb8af5baf0, 2, 1;
L_0x7fcb8af5e0f0 .part L_0x7fcb8af5c9e0, 1, 1;
L_0x7fcb8af5de60 .part L_0x7fcb8af5c9e0, 1, 1;
L_0x7fcb8af5e2b0 .concat8 [ 1 1 1 0], L_0x7fcb8af5d200, L_0x7fcb8af5da00, L_0x7fcb8af5e4e0;
L_0x7fcb8af5e740 .part L_0x7fcb8af5baf0, 1, 1;
L_0x7fcb8af5e820 .part L_0x7fcb8af5c9e0, 0, 1;
L_0x7fcb8af5eb60 .part L_0x7fcb8af5baf0, 1, 1;
L_0x7fcb8af5ed00 .part L_0x7fcb8af5c9e0, 0, 1;
L_0x7fcb8af5ea60 .part L_0x7fcb8af5c9e0, 0, 1;
L_0x7fcb8af5ec00 .part L_0x7fcb8af5c9e0, 0, 1;
L_0x7fcb8af5f2c0 .part L_0x7fcb8af5baf0, 0, 1;
L_0x7fcb8af5f6b0 .part L_0x7fcb8af5c9e0, 3, 1;
L_0x7fcb8af5f0e0 .part L_0x7fcb8af5c9e0, 2, 1;
L_0x7fcb8af5f8c0 .part L_0x7fcb8af5e2b0, 0, 1;
L_0x7fcb8af5fbe0 .part L_0x7fcb8af5c9e0, 1, 1;
L_0x7fcb8af5f570 .part L_0x7fcb8af5e2b0, 1, 1;
L_0x7fcb8af5f9a0 .concat8 [ 1 1 1 1], L_0x7fcb8af5f500, L_0x7fcb8af5efa0, L_0x7fcb8af5f750, L_0x7fcb8af5fe50;
L_0x7fcb8af5ff40 .part L_0x7fcb8af5c9e0, 0, 1;
L_0x7fcb8af5fcc0 .part L_0x7fcb8af5e2b0, 2, 1;
S_0x7fcb8af481e0 .scope module, "RCA" "RCA_16bit" 2 15, 2 114 0, S_0x7fcb8af05050;
 .timescale -9 -10;
    .port_info 0 /INPUT 16 "A"
    .port_info 1 /INPUT 16 "B"
    .port_info 2 /INPUT 1 "Cin"
    .port_info 3 /OUTPUT 16 "S"
    .port_info 4 /OUTPUT 1 "Cout"
v0x7fcb8af503f0_0 .net "A", 15 0, v0x7fcb8af50870_0;  alias, 1 drivers
v0x7fcb8af504a0_0 .net "B", 15 0, v0x7fcb8af50940_0;  alias, 1 drivers
v0x7fcb8af50530_0 .net "Cin", 0 0, v0x7fcb8af50aa0_0;  alias, 1 drivers
v0x7fcb8af505e0_0 .net "Cout", 0 0, L_0x7fcb8af6f0c0;  alias, 1 drivers
v0x7fcb8af50690_0 .net "S", 15 0, L_0x7fcb8af6f240;  alias, 1 drivers
v0x7fcb8af50760_0 .net "carry", 15 1, L_0x7fcb8af6e4c0;  1 drivers
L_0x7fcb8af66010 .part v0x7fcb8af50870_0, 0, 1;
L_0x7fcb8af66120 .part v0x7fcb8af50940_0, 0, 1;
L_0x7fcb8af667b0 .part v0x7fcb8af50870_0, 1, 1;
L_0x7fcb8af669c0 .part v0x7fcb8af50940_0, 1, 1;
L_0x7fcb8af66b60 .part L_0x7fcb8af6e4c0, 0, 1;
L_0x7fcb8af67230 .part v0x7fcb8af50870_0, 2, 1;
L_0x7fcb8af67340 .part v0x7fcb8af50940_0, 2, 1;
L_0x7fcb8af67420 .part L_0x7fcb8af6e4c0, 1, 1;
L_0x7fcb8af67bb0 .part v0x7fcb8af50870_0, 3, 1;
L_0x7fcb8af67cf0 .part v0x7fcb8af50940_0, 3, 1;
L_0x7fcb8af67d90 .part L_0x7fcb8af6e4c0, 2, 1;
L_0x7fcb8af68510 .part v0x7fcb8af50870_0, 4, 1;
L_0x7fcb8af68620 .part v0x7fcb8af50940_0, 4, 1;
L_0x7fcb8af68730 .part L_0x7fcb8af6e4c0, 3, 1;
L_0x7fcb8af68e80 .part v0x7fcb8af50870_0, 5, 1;
L_0x7fcb8af69040 .part v0x7fcb8af50940_0, 5, 1;
L_0x7fcb8af690e0 .part L_0x7fcb8af6e4c0, 4, 1;
L_0x7fcb8af69800 .part v0x7fcb8af50870_0, 6, 1;
L_0x7fcb8af69910 .part v0x7fcb8af50940_0, 6, 1;
L_0x7fcb8af69a50 .part L_0x7fcb8af6e4c0, 5, 1;
L_0x7fcb8af6a160 .part v0x7fcb8af50870_0, 7, 1;
L_0x7fcb8af699b0 .part v0x7fcb8af50940_0, 7, 1;
L_0x7fcb8af6a350 .part L_0x7fcb8af6e4c0, 6, 1;
L_0x7fcb8af6aaa0 .part v0x7fcb8af50870_0, 8, 1;
L_0x7fcb8af6abe0 .part v0x7fcb8af50940_0, 8, 1;
L_0x7fcb8af6ad50 .part L_0x7fcb8af6e4c0, 7, 1;
L_0x7fcb8af6b470 .part v0x7fcb8af50870_0, 9, 1;
L_0x7fcb8af6b7b0 .part v0x7fcb8af50940_0, 9, 1;
L_0x7fcb8af66a60 .part L_0x7fcb8af6e4c0, 8, 1;
L_0x7fcb8af6bf80 .part v0x7fcb8af50870_0, 10, 1;
L_0x7fcb8af6c0c0 .part v0x7fcb8af50940_0, 10, 1;
L_0x7fcb8af6c160 .part L_0x7fcb8af6e4c0, 9, 1;
L_0x7fcb8af6c8e0 .part v0x7fcb8af50870_0, 11, 1;
L_0x7fcb8af668c0 .part v0x7fcb8af50940_0, 11, 1;
L_0x7fcb8af6cb00 .part L_0x7fcb8af6e4c0, 10, 1;
L_0x7fcb8af6d200 .part v0x7fcb8af50870_0, 12, 1;
L_0x7fcb8af6d340 .part v0x7fcb8af50940_0, 12, 1;
L_0x7fcb8af6cba0 .part L_0x7fcb8af6e4c0, 11, 1;
L_0x7fcb8af6db80 .part v0x7fcb8af50870_0, 13, 1;
L_0x7fcb8af6d3e0 .part v0x7fcb8af50940_0, 13, 1;
L_0x7fcb8af6ddd0 .part L_0x7fcb8af6e4c0, 12, 1;
LS_0x7fcb8af6e4c0_0_0 .concat8 [ 1 1 1 1], L_0x7fcb8af65f20, L_0x7fcb8af66600, L_0x7fcb8af67080, L_0x7fcb8af679f0;
LS_0x7fcb8af6e4c0_0_4 .concat8 [ 1 1 1 1], L_0x7fcb8af68360, L_0x7fcb8af68d00, L_0x7fcb8af69650, L_0x7fcb8af69fa0;
LS_0x7fcb8af6e4c0_0_8 .concat8 [ 1 1 1 1], L_0x7fcb8af6a8e0, L_0x7fcb8af6b2b0, L_0x7fcb8af6be00, L_0x7fcb8af6c730;
LS_0x7fcb8af6e4c0_0_12 .concat8 [ 1 1 1 0], L_0x7fcb8af6d080, L_0x7fcb8af6d9d0, L_0x7fcb8af6e340;
L_0x7fcb8af6e4c0 .concat8 [ 4 4 4 3], LS_0x7fcb8af6e4c0_0_0, LS_0x7fcb8af6e4c0_0_4, LS_0x7fcb8af6e4c0_0_8, LS_0x7fcb8af6e4c0_0_12;
L_0x7fcb8af6ea00 .part v0x7fcb8af50870_0, 14, 1;
L_0x7fcb8af6de70 .part v0x7fcb8af50940_0, 14, 1;
L_0x7fcb8af6df10 .part L_0x7fcb8af6e4c0, 13, 1;
LS_0x7fcb8af6f240_0_0 .concat8 [ 1 1 1 1], L_0x7fcb8af65ce0, L_0x7fcb8af664c0, L_0x7fcb8af66f00, L_0x7fcb8af67870;
LS_0x7fcb8af6f240_0_4 .concat8 [ 1 1 1 1], L_0x7fcb8af681e0, L_0x7fcb8af68b80, L_0x7fcb8af694d0, L_0x7fcb8af69e20;
LS_0x7fcb8af6f240_0_8 .concat8 [ 1 1 1 1], L_0x7fcb8af6a760, L_0x7fcb8af6b130, L_0x7fcb8af6bcb0, L_0x7fcb8af6c5b0;
LS_0x7fcb8af6f240_0_12 .concat8 [ 1 1 1 1], L_0x7fcb8af6cf00, L_0x7fcb8af6d850, L_0x7fcb8af6e1c0, L_0x7fcb8af6ef80;
L_0x7fcb8af6f240 .concat8 [ 4 4 4 4], LS_0x7fcb8af6f240_0_0, LS_0x7fcb8af6f240_0_4, LS_0x7fcb8af6f240_0_8, LS_0x7fcb8af6f240_0_12;
L_0x7fcb8af6f810 .part v0x7fcb8af50870_0, 15, 1;
L_0x7fcb8af6eaa0 .part v0x7fcb8af50940_0, 15, 1;
L_0x7fcb8af6eb40 .part L_0x7fcb8af6e4c0, 14, 1;
S_0x7fcb8af48420 .scope module, "f0" "FullAdder" 2 123, 2 39 0, S_0x7fcb8af481e0;
 .timescale -9 -10;
    .port_info 0 /OUTPUT 1 "S"
    .port_info 1 /OUTPUT 1 "Co"
    .port_info 2 /INPUT 1 "x"
    .port_info 3 /INPUT 1 "y"
    .port_info 4 /INPUT 1 "Ci"
L_0x7fcb8af65a30/d .functor XOR 1, L_0x7fcb8af66010, L_0x7fcb8af66120, C4<0>, C4<0>;
L_0x7fcb8af65a30 .delay 1 (200,200,200) L_0x7fcb8af65a30/d;
L_0x7fcb8af65aa0/d .functor AND 1, L_0x7fcb8af66010, L_0x7fcb8af66120, C4<1>, C4<1>;
L_0x7fcb8af65aa0 .delay 1 (100,100,100) L_0x7fcb8af65aa0/d;
L_0x7fcb8af65b90/d .functor AND 1, v0x7fcb8af50aa0_0, L_0x7fcb8af65a30, C4<1>, C4<1>;
L_0x7fcb8af65b90 .delay 1 (100,100,100) L_0x7fcb8af65b90/d;
L_0x7fcb8af65ce0/d .functor XOR 1, v0x7fcb8af50aa0_0, L_0x7fcb8af65a30, C4<0>, C4<0>;
L_0x7fcb8af65ce0 .delay 1 (200,200,200) L_0x7fcb8af65ce0/d;
L_0x7fcb8af65f20/d .functor OR 1, L_0x7fcb8af65aa0, L_0x7fcb8af65b90, C4<0>, C4<0>;
L_0x7fcb8af65f20 .delay 1 (150,150,150) L_0x7fcb8af65f20/d;
v0x7fcb8af48680_0 .net "Ci", 0 0, v0x7fcb8af50aa0_0;  alias, 1 drivers
v0x7fcb8af48760_0 .net "Co", 0 0, L_0x7fcb8af65f20;  1 drivers
v0x7fcb8af48800_0 .net "S", 0 0, L_0x7fcb8af65ce0;  1 drivers
v0x7fcb8af48890_0 .net "d1", 0 0, L_0x7fcb8af65aa0;  1 drivers
v0x7fcb8af48930_0 .net "d2", 0 0, L_0x7fcb8af65b90;  1 drivers
v0x7fcb8af48a10_0 .net "s1", 0 0, L_0x7fcb8af65a30;  1 drivers
v0x7fcb8af48ab0_0 .net "x", 0 0, L_0x7fcb8af66010;  1 drivers
v0x7fcb8af48b50_0 .net "y", 0 0, L_0x7fcb8af66120;  1 drivers
S_0x7fcb8af48c70 .scope module, "f1" "FullAdder" 2 124, 2 39 0, S_0x7fcb8af481e0;
 .timescale -9 -10;
    .port_info 0 /OUTPUT 1 "S"
    .port_info 1 /OUTPUT 1 "Co"
    .port_info 2 /INPUT 1 "x"
    .port_info 3 /INPUT 1 "y"
    .port_info 4 /INPUT 1 "Ci"
L_0x7fcb8af660b0/d .functor XOR 1, L_0x7fcb8af667b0, L_0x7fcb8af669c0, C4<0>, C4<0>;
L_0x7fcb8af660b0 .delay 1 (200,200,200) L_0x7fcb8af660b0/d;
L_0x7fcb8af66200/d .functor AND 1, L_0x7fcb8af667b0, L_0x7fcb8af669c0, C4<1>, C4<1>;
L_0x7fcb8af66200 .delay 1 (100,100,100) L_0x7fcb8af66200/d;
L_0x7fcb8af66380/d .functor AND 1, L_0x7fcb8af66b60, L_0x7fcb8af660b0, C4<1>, C4<1>;
L_0x7fcb8af66380 .delay 1 (100,100,100) L_0x7fcb8af66380/d;
L_0x7fcb8af664c0/d .functor XOR 1, L_0x7fcb8af66b60, L_0x7fcb8af660b0, C4<0>, C4<0>;
L_0x7fcb8af664c0 .delay 1 (200,200,200) L_0x7fcb8af664c0/d;
L_0x7fcb8af66600/d .functor OR 1, L_0x7fcb8af66200, L_0x7fcb8af66380, C4<0>, C4<0>;
L_0x7fcb8af66600 .delay 1 (150,150,150) L_0x7fcb8af66600/d;
v0x7fcb8af48ea0_0 .net "Ci", 0 0, L_0x7fcb8af66b60;  1 drivers
v0x7fcb8af48f30_0 .net "Co", 0 0, L_0x7fcb8af66600;  1 drivers
v0x7fcb8af48fd0_0 .net "S", 0 0, L_0x7fcb8af664c0;  1 drivers
v0x7fcb8af49080_0 .net "d1", 0 0, L_0x7fcb8af66200;  1 drivers
v0x7fcb8af49120_0 .net "d2", 0 0, L_0x7fcb8af66380;  1 drivers
v0x7fcb8af49200_0 .net "s1", 0 0, L_0x7fcb8af660b0;  1 drivers
v0x7fcb8af492a0_0 .net "x", 0 0, L_0x7fcb8af667b0;  1 drivers
v0x7fcb8af49340_0 .net "y", 0 0, L_0x7fcb8af669c0;  1 drivers
S_0x7fcb8af49460 .scope module, "f10" "FullAdder" 2 133, 2 39 0, S_0x7fcb8af481e0;
 .timescale -9 -10;
    .port_info 0 /OUTPUT 1 "S"
    .port_info 1 /OUTPUT 1 "Co"
    .port_info 2 /INPUT 1 "x"
    .port_info 3 /INPUT 1 "y"
    .port_info 4 /INPUT 1 "Ci"
L_0x7fcb8af6ba50/d .functor XOR 1, L_0x7fcb8af6bf80, L_0x7fcb8af6c0c0, C4<0>, C4<0>;
L_0x7fcb8af6ba50 .delay 1 (200,200,200) L_0x7fcb8af6ba50/d;
L_0x7fcb8af6ac80/d .functor AND 1, L_0x7fcb8af6bf80, L_0x7fcb8af6c0c0, C4<1>, C4<1>;
L_0x7fcb8af6ac80 .delay 1 (100,100,100) L_0x7fcb8af6ac80/d;
L_0x7fcb8af6bb80/d .functor AND 1, L_0x7fcb8af6c160, L_0x7fcb8af6ba50, C4<1>, C4<1>;
L_0x7fcb8af6bb80 .delay 1 (100,100,100) L_0x7fcb8af6bb80/d;
L_0x7fcb8af6bcb0/d .functor XOR 1, L_0x7fcb8af6c160, L_0x7fcb8af6ba50, C4<0>, C4<0>;
L_0x7fcb8af6bcb0 .delay 1 (200,200,200) L_0x7fcb8af6bcb0/d;
L_0x7fcb8af6be00/d .functor OR 1, L_0x7fcb8af6ac80, L_0x7fcb8af6bb80, C4<0>, C4<0>;
L_0x7fcb8af6be00 .delay 1 (150,150,150) L_0x7fcb8af6be00/d;
v0x7fcb8af49690_0 .net "Ci", 0 0, L_0x7fcb8af6c160;  1 drivers
v0x7fcb8af49730_0 .net "Co", 0 0, L_0x7fcb8af6be00;  1 drivers
v0x7fcb8af497d0_0 .net "S", 0 0, L_0x7fcb8af6bcb0;  1 drivers
v0x7fcb8af49880_0 .net "d1", 0 0, L_0x7fcb8af6ac80;  1 drivers
v0x7fcb8af49920_0 .net "d2", 0 0, L_0x7fcb8af6bb80;  1 drivers
v0x7fcb8af49a00_0 .net "s1", 0 0, L_0x7fcb8af6ba50;  1 drivers
v0x7fcb8af49aa0_0 .net "x", 0 0, L_0x7fcb8af6bf80;  1 drivers
v0x7fcb8af49b40_0 .net "y", 0 0, L_0x7fcb8af6c0c0;  1 drivers
S_0x7fcb8af49c60 .scope module, "f11" "FullAdder" 2 134, 2 39 0, S_0x7fcb8af481e0;
 .timescale -9 -10;
    .port_info 0 /OUTPUT 1 "S"
    .port_info 1 /OUTPUT 1 "Co"
    .port_info 2 /INPUT 1 "x"
    .port_info 3 /INPUT 1 "y"
    .port_info 4 /INPUT 1 "Ci"
L_0x7fcb8af6c200/d .functor XOR 1, L_0x7fcb8af6c8e0, L_0x7fcb8af668c0, C4<0>, C4<0>;
L_0x7fcb8af6c200 .delay 1 (200,200,200) L_0x7fcb8af6c200/d;
L_0x7fcb8af6c270/d .functor AND 1, L_0x7fcb8af6c8e0, L_0x7fcb8af668c0, C4<1>, C4<1>;
L_0x7fcb8af6c270 .delay 1 (100,100,100) L_0x7fcb8af6c270/d;
L_0x7fcb8af6c430/d .functor AND 1, L_0x7fcb8af6cb00, L_0x7fcb8af6c200, C4<1>, C4<1>;
L_0x7fcb8af6c430 .delay 1 (100,100,100) L_0x7fcb8af6c430/d;
L_0x7fcb8af6c5b0/d .functor XOR 1, L_0x7fcb8af6cb00, L_0x7fcb8af6c200, C4<0>, C4<0>;
L_0x7fcb8af6c5b0 .delay 1 (200,200,200) L_0x7fcb8af6c5b0/d;
L_0x7fcb8af6c730/d .functor OR 1, L_0x7fcb8af6c270, L_0x7fcb8af6c430, C4<0>, C4<0>;
L_0x7fcb8af6c730 .delay 1 (150,150,150) L_0x7fcb8af6c730/d;
v0x7fcb8af49e90_0 .net "Ci", 0 0, L_0x7fcb8af6cb00;  1 drivers
v0x7fcb8af49f20_0 .net "Co", 0 0, L_0x7fcb8af6c730;  1 drivers
v0x7fcb8af49fc0_0 .net "S", 0 0, L_0x7fcb8af6c5b0;  1 drivers
v0x7fcb8af4a070_0 .net "d1", 0 0, L_0x7fcb8af6c270;  1 drivers
v0x7fcb8af4a110_0 .net "d2", 0 0, L_0x7fcb8af6c430;  1 drivers
v0x7fcb8af4a1f0_0 .net "s1", 0 0, L_0x7fcb8af6c200;  1 drivers
v0x7fcb8af4a290_0 .net "x", 0 0, L_0x7fcb8af6c8e0;  1 drivers
v0x7fcb8af4a330_0 .net "y", 0 0, L_0x7fcb8af668c0;  1 drivers
S_0x7fcb8af4a450 .scope module, "f12" "FullAdder" 2 135, 2 39 0, S_0x7fcb8af481e0;
 .timescale -9 -10;
    .port_info 0 /OUTPUT 1 "S"
    .port_info 1 /OUTPUT 1 "Co"
    .port_info 2 /INPUT 1 "x"
    .port_info 3 /INPUT 1 "y"
    .port_info 4 /INPUT 1 "Ci"
L_0x7fcb8af6c9f0/d .functor XOR 1, L_0x7fcb8af6d200, L_0x7fcb8af6d340, C4<0>, C4<0>;
L_0x7fcb8af6c9f0 .delay 1 (200,200,200) L_0x7fcb8af6c9f0/d;
L_0x7fcb8af6ccc0/d .functor AND 1, L_0x7fcb8af6d200, L_0x7fcb8af6d340, C4<1>, C4<1>;
L_0x7fcb8af6ccc0 .delay 1 (100,100,100) L_0x7fcb8af6ccc0/d;
L_0x7fcb8af6cdb0/d .functor AND 1, L_0x7fcb8af6cba0, L_0x7fcb8af6c9f0, C4<1>, C4<1>;
L_0x7fcb8af6cdb0 .delay 1 (100,100,100) L_0x7fcb8af6cdb0/d;
L_0x7fcb8af6cf00/d .functor XOR 1, L_0x7fcb8af6cba0, L_0x7fcb8af6c9f0, C4<0>, C4<0>;
L_0x7fcb8af6cf00 .delay 1 (200,200,200) L_0x7fcb8af6cf00/d;
L_0x7fcb8af6d080/d .functor OR 1, L_0x7fcb8af6ccc0, L_0x7fcb8af6cdb0, C4<0>, C4<0>;
L_0x7fcb8af6d080 .delay 1 (150,150,150) L_0x7fcb8af6d080/d;
v0x7fcb8af4a6c0_0 .net "Ci", 0 0, L_0x7fcb8af6cba0;  1 drivers
v0x7fcb8af4a750_0 .net "Co", 0 0, L_0x7fcb8af6d080;  1 drivers
v0x7fcb8af4a7f0_0 .net "S", 0 0, L_0x7fcb8af6cf00;  1 drivers
v0x7fcb8af4a880_0 .net "d1", 0 0, L_0x7fcb8af6ccc0;  1 drivers
v0x7fcb8af4a920_0 .net "d2", 0 0, L_0x7fcb8af6cdb0;  1 drivers
v0x7fcb8af4aa00_0 .net "s1", 0 0, L_0x7fcb8af6c9f0;  1 drivers
v0x7fcb8af4aaa0_0 .net "x", 0 0, L_0x7fcb8af6d200;  1 drivers
v0x7fcb8af4ab40_0 .net "y", 0 0, L_0x7fcb8af6d340;  1 drivers
S_0x7fcb8af4ac60 .scope module, "f13" "FullAdder" 2 136, 2 39 0, S_0x7fcb8af481e0;
 .timescale -9 -10;
    .port_info 0 /OUTPUT 1 "S"
    .port_info 1 /OUTPUT 1 "Co"
    .port_info 2 /INPUT 1 "x"
    .port_info 3 /INPUT 1 "y"
    .port_info 4 /INPUT 1 "Ci"
L_0x7fcb8af6cc40/d .functor XOR 1, L_0x7fcb8af6db80, L_0x7fcb8af6d3e0, C4<0>, C4<0>;
L_0x7fcb8af6cc40 .delay 1 (200,200,200) L_0x7fcb8af6cc40/d;
L_0x7fcb8af6d510/d .functor AND 1, L_0x7fcb8af6db80, L_0x7fcb8af6d3e0, C4<1>, C4<1>;
L_0x7fcb8af6d510 .delay 1 (100,100,100) L_0x7fcb8af6d510/d;
L_0x7fcb8af6d6d0/d .functor AND 1, L_0x7fcb8af6ddd0, L_0x7fcb8af6cc40, C4<1>, C4<1>;
L_0x7fcb8af6d6d0 .delay 1 (100,100,100) L_0x7fcb8af6d6d0/d;
L_0x7fcb8af6d850/d .functor XOR 1, L_0x7fcb8af6ddd0, L_0x7fcb8af6cc40, C4<0>, C4<0>;
L_0x7fcb8af6d850 .delay 1 (200,200,200) L_0x7fcb8af6d850/d;
L_0x7fcb8af6d9d0/d .functor OR 1, L_0x7fcb8af6d510, L_0x7fcb8af6d6d0, C4<0>, C4<0>;
L_0x7fcb8af6d9d0 .delay 1 (150,150,150) L_0x7fcb8af6d9d0/d;
v0x7fcb8af4ae90_0 .net "Ci", 0 0, L_0x7fcb8af6ddd0;  1 drivers
v0x7fcb8af4af20_0 .net "Co", 0 0, L_0x7fcb8af6d9d0;  1 drivers
v0x7fcb8af4afc0_0 .net "S", 0 0, L_0x7fcb8af6d850;  1 drivers
v0x7fcb8af4b070_0 .net "d1", 0 0, L_0x7fcb8af6d510;  1 drivers
v0x7fcb8af4b110_0 .net "d2", 0 0, L_0x7fcb8af6d6d0;  1 drivers
v0x7fcb8af4b1f0_0 .net "s1", 0 0, L_0x7fcb8af6cc40;  1 drivers
v0x7fcb8af4b290_0 .net "x", 0 0, L_0x7fcb8af6db80;  1 drivers
v0x7fcb8af4b330_0 .net "y", 0 0, L_0x7fcb8af6d3e0;  1 drivers
S_0x7fcb8af4b450 .scope module, "f14" "FullAdder" 2 137, 2 39 0, S_0x7fcb8af481e0;
 .timescale -9 -10;
    .port_info 0 /OUTPUT 1 "S"
    .port_info 1 /OUTPUT 1 "Co"
    .port_info 2 /INPUT 1 "x"
    .port_info 3 /INPUT 1 "y"
    .port_info 4 /INPUT 1 "Ci"
L_0x7fcb8af6d480/d .functor XOR 1, L_0x7fcb8af6ea00, L_0x7fcb8af6de70, C4<0>, C4<0>;
L_0x7fcb8af6d480 .delay 1 (200,200,200) L_0x7fcb8af6d480/d;
L_0x7fcb8af6dcd0/d .functor AND 1, L_0x7fcb8af6ea00, L_0x7fcb8af6de70, C4<1>, C4<1>;
L_0x7fcb8af6dcd0 .delay 1 (100,100,100) L_0x7fcb8af6dcd0/d;
L_0x7fcb8af6e040/d .functor AND 1, L_0x7fcb8af6df10, L_0x7fcb8af6d480, C4<1>, C4<1>;
L_0x7fcb8af6e040 .delay 1 (100,100,100) L_0x7fcb8af6e040/d;
L_0x7fcb8af6e1c0/d .functor XOR 1, L_0x7fcb8af6df10, L_0x7fcb8af6d480, C4<0>, C4<0>;
L_0x7fcb8af6e1c0 .delay 1 (200,200,200) L_0x7fcb8af6e1c0/d;
L_0x7fcb8af6e340/d .functor OR 1, L_0x7fcb8af6dcd0, L_0x7fcb8af6e040, C4<0>, C4<0>;
L_0x7fcb8af6e340 .delay 1 (150,150,150) L_0x7fcb8af6e340/d;
v0x7fcb8af4b680_0 .net "Ci", 0 0, L_0x7fcb8af6df10;  1 drivers
v0x7fcb8af4b710_0 .net "Co", 0 0, L_0x7fcb8af6e340;  1 drivers
v0x7fcb8af4b7b0_0 .net "S", 0 0, L_0x7fcb8af6e1c0;  1 drivers
v0x7fcb8af4b860_0 .net "d1", 0 0, L_0x7fcb8af6dcd0;  1 drivers
v0x7fcb8af4b900_0 .net "d2", 0 0, L_0x7fcb8af6e040;  1 drivers
v0x7fcb8af4b9e0_0 .net "s1", 0 0, L_0x7fcb8af6d480;  1 drivers
v0x7fcb8af4ba80_0 .net "x", 0 0, L_0x7fcb8af6ea00;  1 drivers
v0x7fcb8af4bb20_0 .net "y", 0 0, L_0x7fcb8af6de70;  1 drivers
S_0x7fcb8af4bc40 .scope module, "f15" "FullAdder" 2 138, 2 39 0, S_0x7fcb8af481e0;
 .timescale -9 -10;
    .port_info 0 /OUTPUT 1 "S"
    .port_info 1 /OUTPUT 1 "Co"
    .port_info 2 /INPUT 1 "x"
    .port_info 3 /INPUT 1 "y"
    .port_info 4 /INPUT 1 "Ci"
L_0x7fcb8af6ec10/d .functor XOR 1, L_0x7fcb8af6f810, L_0x7fcb8af6eaa0, C4<0>, C4<0>;
L_0x7fcb8af6ec10 .delay 1 (200,200,200) L_0x7fcb8af6ec10/d;
L_0x7fcb8af6ecc0/d .functor AND 1, L_0x7fcb8af6f810, L_0x7fcb8af6eaa0, C4<1>, C4<1>;
L_0x7fcb8af6ecc0 .delay 1 (100,100,100) L_0x7fcb8af6ecc0/d;
L_0x7fcb8af6ee40/d .functor AND 1, L_0x7fcb8af6eb40, L_0x7fcb8af6ec10, C4<1>, C4<1>;
L_0x7fcb8af6ee40 .delay 1 (100,100,100) L_0x7fcb8af6ee40/d;
L_0x7fcb8af6ef80/d .functor XOR 1, L_0x7fcb8af6eb40, L_0x7fcb8af6ec10, C4<0>, C4<0>;
L_0x7fcb8af6ef80 .delay 1 (200,200,200) L_0x7fcb8af6ef80/d;
L_0x7fcb8af6f0c0/d .functor OR 1, L_0x7fcb8af6ecc0, L_0x7fcb8af6ee40, C4<0>, C4<0>;
L_0x7fcb8af6f0c0 .delay 1 (150,150,150) L_0x7fcb8af6f0c0/d;
v0x7fcb8af4be70_0 .net "Ci", 0 0, L_0x7fcb8af6eb40;  1 drivers
v0x7fcb8af4bf00_0 .net "Co", 0 0, L_0x7fcb8af6f0c0;  alias, 1 drivers
v0x7fcb8af4bfa0_0 .net "S", 0 0, L_0x7fcb8af6ef80;  1 drivers
v0x7fcb8af4c050_0 .net "d1", 0 0, L_0x7fcb8af6ecc0;  1 drivers
v0x7fcb8af4c0f0_0 .net "d2", 0 0, L_0x7fcb8af6ee40;  1 drivers
v0x7fcb8af4c1d0_0 .net "s1", 0 0, L_0x7fcb8af6ec10;  1 drivers
v0x7fcb8af4c270_0 .net "x", 0 0, L_0x7fcb8af6f810;  1 drivers
v0x7fcb8af4c310_0 .net "y", 0 0, L_0x7fcb8af6eaa0;  1 drivers
S_0x7fcb8af4c430 .scope module, "f2" "FullAdder" 2 125, 2 39 0, S_0x7fcb8af481e0;
 .timescale -9 -10;
    .port_info 0 /OUTPUT 1 "S"
    .port_info 1 /OUTPUT 1 "Co"
    .port_info 2 /INPUT 1 "x"
    .port_info 3 /INPUT 1 "y"
    .port_info 4 /INPUT 1 "Ci"
L_0x7fcb8af5b1a0/d .functor XOR 1, L_0x7fcb8af67230, L_0x7fcb8af67340, C4<0>, C4<0>;
L_0x7fcb8af5b1a0 .delay 1 (200,200,200) L_0x7fcb8af5b1a0/d;
L_0x7fcb8af66c00/d .functor AND 1, L_0x7fcb8af67230, L_0x7fcb8af67340, C4<1>, C4<1>;
L_0x7fcb8af66c00 .delay 1 (100,100,100) L_0x7fcb8af66c00/d;
L_0x7fcb8af66dc0/d .functor AND 1, L_0x7fcb8af67420, L_0x7fcb8af5b1a0, C4<1>, C4<1>;
L_0x7fcb8af66dc0 .delay 1 (100,100,100) L_0x7fcb8af66dc0/d;
L_0x7fcb8af66f00/d .functor XOR 1, L_0x7fcb8af67420, L_0x7fcb8af5b1a0, C4<0>, C4<0>;
L_0x7fcb8af66f00 .delay 1 (200,200,200) L_0x7fcb8af66f00/d;
L_0x7fcb8af67080/d .functor OR 1, L_0x7fcb8af66c00, L_0x7fcb8af66dc0, C4<0>, C4<0>;
L_0x7fcb8af67080 .delay 1 (150,150,150) L_0x7fcb8af67080/d;
v0x7fcb8af4c6e0_0 .net "Ci", 0 0, L_0x7fcb8af67420;  1 drivers
v0x7fcb8af4c770_0 .net "Co", 0 0, L_0x7fcb8af67080;  1 drivers
v0x7fcb8af4c810_0 .net "S", 0 0, L_0x7fcb8af66f00;  1 drivers
v0x7fcb8af4c8a0_0 .net "d1", 0 0, L_0x7fcb8af66c00;  1 drivers
v0x7fcb8af4c930_0 .net "d2", 0 0, L_0x7fcb8af66dc0;  1 drivers
v0x7fcb8af4ca00_0 .net "s1", 0 0, L_0x7fcb8af5b1a0;  1 drivers
v0x7fcb8af4caa0_0 .net "x", 0 0, L_0x7fcb8af67230;  1 drivers
v0x7fcb8af4cb40_0 .net "y", 0 0, L_0x7fcb8af67340;  1 drivers
S_0x7fcb8af4cc60 .scope module, "f3" "FullAdder" 2 126, 2 39 0, S_0x7fcb8af481e0;
 .timescale -9 -10;
    .port_info 0 /OUTPUT 1 "S"
    .port_info 1 /OUTPUT 1 "Co"
    .port_info 2 /INPUT 1 "x"
    .port_info 3 /INPUT 1 "y"
    .port_info 4 /INPUT 1 "Ci"
L_0x7fcb8af67500/d .functor XOR 1, L_0x7fcb8af67bb0, L_0x7fcb8af67cf0, C4<0>, C4<0>;
L_0x7fcb8af67500 .delay 1 (200,200,200) L_0x7fcb8af67500/d;
L_0x7fcb8af675b0/d .functor AND 1, L_0x7fcb8af67bb0, L_0x7fcb8af67cf0, C4<1>, C4<1>;
L_0x7fcb8af675b0 .delay 1 (100,100,100) L_0x7fcb8af675b0/d;
L_0x7fcb8af67730/d .functor AND 1, L_0x7fcb8af67d90, L_0x7fcb8af67500, C4<1>, C4<1>;
L_0x7fcb8af67730 .delay 1 (100,100,100) L_0x7fcb8af67730/d;
L_0x7fcb8af67870/d .functor XOR 1, L_0x7fcb8af67d90, L_0x7fcb8af67500, C4<0>, C4<0>;
L_0x7fcb8af67870 .delay 1 (200,200,200) L_0x7fcb8af67870/d;
L_0x7fcb8af679f0/d .functor OR 1, L_0x7fcb8af675b0, L_0x7fcb8af67730, C4<0>, C4<0>;
L_0x7fcb8af679f0 .delay 1 (150,150,150) L_0x7fcb8af679f0/d;
v0x7fcb8af4ce90_0 .net "Ci", 0 0, L_0x7fcb8af67d90;  1 drivers
v0x7fcb8af4cf20_0 .net "Co", 0 0, L_0x7fcb8af679f0;  1 drivers
v0x7fcb8af4cfc0_0 .net "S", 0 0, L_0x7fcb8af67870;  1 drivers
v0x7fcb8af4d070_0 .net "d1", 0 0, L_0x7fcb8af675b0;  1 drivers
v0x7fcb8af4d110_0 .net "d2", 0 0, L_0x7fcb8af67730;  1 drivers
v0x7fcb8af4d1f0_0 .net "s1", 0 0, L_0x7fcb8af67500;  1 drivers
v0x7fcb8af4d290_0 .net "x", 0 0, L_0x7fcb8af67bb0;  1 drivers
v0x7fcb8af4d330_0 .net "y", 0 0, L_0x7fcb8af67cf0;  1 drivers
S_0x7fcb8af4d450 .scope module, "f4" "FullAdder" 2 127, 2 39 0, S_0x7fcb8af481e0;
 .timescale -9 -10;
    .port_info 0 /OUTPUT 1 "S"
    .port_info 1 /OUTPUT 1 "Co"
    .port_info 2 /INPUT 1 "x"
    .port_info 3 /INPUT 1 "y"
    .port_info 4 /INPUT 1 "Ci"
L_0x7fcb8af67e30/d .functor XOR 1, L_0x7fcb8af68510, L_0x7fcb8af68620, C4<0>, C4<0>;
L_0x7fcb8af67e30 .delay 1 (200,200,200) L_0x7fcb8af67e30/d;
L_0x7fcb8af67ea0/d .functor AND 1, L_0x7fcb8af68510, L_0x7fcb8af68620, C4<1>, C4<1>;
L_0x7fcb8af67ea0 .delay 1 (100,100,100) L_0x7fcb8af67ea0/d;
L_0x7fcb8af68060/d .functor AND 1, L_0x7fcb8af68730, L_0x7fcb8af67e30, C4<1>, C4<1>;
L_0x7fcb8af68060 .delay 1 (100,100,100) L_0x7fcb8af68060/d;
L_0x7fcb8af681e0/d .functor XOR 1, L_0x7fcb8af68730, L_0x7fcb8af67e30, C4<0>, C4<0>;
L_0x7fcb8af681e0 .delay 1 (200,200,200) L_0x7fcb8af681e0/d;
L_0x7fcb8af68360/d .functor OR 1, L_0x7fcb8af67ea0, L_0x7fcb8af68060, C4<0>, C4<0>;
L_0x7fcb8af68360 .delay 1 (150,150,150) L_0x7fcb8af68360/d;
v0x7fcb8af4d680_0 .net "Ci", 0 0, L_0x7fcb8af68730;  1 drivers
v0x7fcb8af4d710_0 .net "Co", 0 0, L_0x7fcb8af68360;  1 drivers
v0x7fcb8af4d7b0_0 .net "S", 0 0, L_0x7fcb8af681e0;  1 drivers
v0x7fcb8af4d860_0 .net "d1", 0 0, L_0x7fcb8af67ea0;  1 drivers
v0x7fcb8af4d900_0 .net "d2", 0 0, L_0x7fcb8af68060;  1 drivers
v0x7fcb8af4d9e0_0 .net "s1", 0 0, L_0x7fcb8af67e30;  1 drivers
v0x7fcb8af4da80_0 .net "x", 0 0, L_0x7fcb8af68510;  1 drivers
v0x7fcb8af4db20_0 .net "y", 0 0, L_0x7fcb8af68620;  1 drivers
S_0x7fcb8af4dc40 .scope module, "f5" "FullAdder" 2 128, 2 39 0, S_0x7fcb8af481e0;
 .timescale -9 -10;
    .port_info 0 /OUTPUT 1 "S"
    .port_info 1 /OUTPUT 1 "Co"
    .port_info 2 /INPUT 1 "x"
    .port_info 3 /INPUT 1 "y"
    .port_info 4 /INPUT 1 "Ci"
L_0x7fcb8af68850/d .functor XOR 1, L_0x7fcb8af68e80, L_0x7fcb8af69040, C4<0>, C4<0>;
L_0x7fcb8af68850 .delay 1 (200,200,200) L_0x7fcb8af68850/d;
L_0x7fcb8af688c0/d .functor AND 1, L_0x7fcb8af68e80, L_0x7fcb8af69040, C4<1>, C4<1>;
L_0x7fcb8af688c0 .delay 1 (100,100,100) L_0x7fcb8af688c0/d;
L_0x7fcb8af68a00/d .functor AND 1, L_0x7fcb8af690e0, L_0x7fcb8af68850, C4<1>, C4<1>;
L_0x7fcb8af68a00 .delay 1 (100,100,100) L_0x7fcb8af68a00/d;
L_0x7fcb8af68b80/d .functor XOR 1, L_0x7fcb8af690e0, L_0x7fcb8af68850, C4<0>, C4<0>;
L_0x7fcb8af68b80 .delay 1 (200,200,200) L_0x7fcb8af68b80/d;
L_0x7fcb8af68d00/d .functor OR 1, L_0x7fcb8af688c0, L_0x7fcb8af68a00, C4<0>, C4<0>;
L_0x7fcb8af68d00 .delay 1 (150,150,150) L_0x7fcb8af68d00/d;
v0x7fcb8af4de70_0 .net "Ci", 0 0, L_0x7fcb8af690e0;  1 drivers
v0x7fcb8af4df00_0 .net "Co", 0 0, L_0x7fcb8af68d00;  1 drivers
v0x7fcb8af4dfa0_0 .net "S", 0 0, L_0x7fcb8af68b80;  1 drivers
v0x7fcb8af4e050_0 .net "d1", 0 0, L_0x7fcb8af688c0;  1 drivers
v0x7fcb8af4e0f0_0 .net "d2", 0 0, L_0x7fcb8af68a00;  1 drivers
v0x7fcb8af4e1d0_0 .net "s1", 0 0, L_0x7fcb8af68850;  1 drivers
v0x7fcb8af4e270_0 .net "x", 0 0, L_0x7fcb8af68e80;  1 drivers
v0x7fcb8af4e310_0 .net "y", 0 0, L_0x7fcb8af69040;  1 drivers
S_0x7fcb8af4e430 .scope module, "f6" "FullAdder" 2 129, 2 39 0, S_0x7fcb8af481e0;
 .timescale -9 -10;
    .port_info 0 /OUTPUT 1 "S"
    .port_info 1 /OUTPUT 1 "Co"
    .port_info 2 /INPUT 1 "x"
    .port_info 3 /INPUT 1 "y"
    .port_info 4 /INPUT 1 "Ci"
L_0x7fcb8af686c0/d .functor XOR 1, L_0x7fcb8af69800, L_0x7fcb8af69910, C4<0>, C4<0>;
L_0x7fcb8af686c0 .delay 1 (200,200,200) L_0x7fcb8af686c0/d;
L_0x7fcb8af69210/d .functor AND 1, L_0x7fcb8af69800, L_0x7fcb8af69910, C4<1>, C4<1>;
L_0x7fcb8af69210 .delay 1 (100,100,100) L_0x7fcb8af69210/d;
L_0x7fcb8af69350/d .functor AND 1, L_0x7fcb8af69a50, L_0x7fcb8af686c0, C4<1>, C4<1>;
L_0x7fcb8af69350 .delay 1 (100,100,100) L_0x7fcb8af69350/d;
L_0x7fcb8af694d0/d .functor XOR 1, L_0x7fcb8af69a50, L_0x7fcb8af686c0, C4<0>, C4<0>;
L_0x7fcb8af694d0 .delay 1 (200,200,200) L_0x7fcb8af694d0/d;
L_0x7fcb8af69650/d .functor OR 1, L_0x7fcb8af69210, L_0x7fcb8af69350, C4<0>, C4<0>;
L_0x7fcb8af69650 .delay 1 (150,150,150) L_0x7fcb8af69650/d;
v0x7fcb8af4e660_0 .net "Ci", 0 0, L_0x7fcb8af69a50;  1 drivers
v0x7fcb8af4e6f0_0 .net "Co", 0 0, L_0x7fcb8af69650;  1 drivers
v0x7fcb8af4e790_0 .net "S", 0 0, L_0x7fcb8af694d0;  1 drivers
v0x7fcb8af4e840_0 .net "d1", 0 0, L_0x7fcb8af69210;  1 drivers
v0x7fcb8af4e8e0_0 .net "d2", 0 0, L_0x7fcb8af69350;  1 drivers
v0x7fcb8af4e9c0_0 .net "s1", 0 0, L_0x7fcb8af686c0;  1 drivers
v0x7fcb8af4ea60_0 .net "x", 0 0, L_0x7fcb8af69800;  1 drivers
v0x7fcb8af4eb00_0 .net "y", 0 0, L_0x7fcb8af69910;  1 drivers
S_0x7fcb8af4ec20 .scope module, "f7" "FullAdder" 2 130, 2 39 0, S_0x7fcb8af481e0;
 .timescale -9 -10;
    .port_info 0 /OUTPUT 1 "S"
    .port_info 1 /OUTPUT 1 "Co"
    .port_info 2 /INPUT 1 "x"
    .port_info 3 /INPUT 1 "y"
    .port_info 4 /INPUT 1 "Ci"
L_0x7fcb8af69af0/d .functor XOR 1, L_0x7fcb8af6a160, L_0x7fcb8af699b0, C4<0>, C4<0>;
L_0x7fcb8af69af0 .delay 1 (200,200,200) L_0x7fcb8af69af0/d;
L_0x7fcb8af69b60/d .functor AND 1, L_0x7fcb8af6a160, L_0x7fcb8af699b0, C4<1>, C4<1>;
L_0x7fcb8af69b60 .delay 1 (100,100,100) L_0x7fcb8af69b60/d;
L_0x7fcb8af69ce0/d .functor AND 1, L_0x7fcb8af6a350, L_0x7fcb8af69af0, C4<1>, C4<1>;
L_0x7fcb8af69ce0 .delay 1 (100,100,100) L_0x7fcb8af69ce0/d;
L_0x7fcb8af69e20/d .functor XOR 1, L_0x7fcb8af6a350, L_0x7fcb8af69af0, C4<0>, C4<0>;
L_0x7fcb8af69e20 .delay 1 (200,200,200) L_0x7fcb8af69e20/d;
L_0x7fcb8af69fa0/d .functor OR 1, L_0x7fcb8af69b60, L_0x7fcb8af69ce0, C4<0>, C4<0>;
L_0x7fcb8af69fa0 .delay 1 (150,150,150) L_0x7fcb8af69fa0/d;
v0x7fcb8af4ee50_0 .net "Ci", 0 0, L_0x7fcb8af6a350;  1 drivers
v0x7fcb8af4eee0_0 .net "Co", 0 0, L_0x7fcb8af69fa0;  1 drivers
v0x7fcb8af4ef80_0 .net "S", 0 0, L_0x7fcb8af69e20;  1 drivers
v0x7fcb8af4f030_0 .net "d1", 0 0, L_0x7fcb8af69b60;  1 drivers
v0x7fcb8af4f0d0_0 .net "d2", 0 0, L_0x7fcb8af69ce0;  1 drivers
v0x7fcb8af4f1b0_0 .net "s1", 0 0, L_0x7fcb8af69af0;  1 drivers
v0x7fcb8af4f250_0 .net "x", 0 0, L_0x7fcb8af6a160;  1 drivers
v0x7fcb8af4f2f0_0 .net "y", 0 0, L_0x7fcb8af699b0;  1 drivers
S_0x7fcb8af4f410 .scope module, "f8" "FullAdder" 2 131, 2 39 0, S_0x7fcb8af481e0;
 .timescale -9 -10;
    .port_info 0 /OUTPUT 1 "S"
    .port_info 1 /OUTPUT 1 "Co"
    .port_info 2 /INPUT 1 "x"
    .port_info 3 /INPUT 1 "y"
    .port_info 4 /INPUT 1 "Ci"
L_0x7fcb8af6a4b0/d .functor XOR 1, L_0x7fcb8af6aaa0, L_0x7fcb8af6abe0, C4<0>, C4<0>;
L_0x7fcb8af6a4b0 .delay 1 (200,200,200) L_0x7fcb8af6a4b0/d;
L_0x7fcb8af6a2e0/d .functor AND 1, L_0x7fcb8af6aaa0, L_0x7fcb8af6abe0, C4<1>, C4<1>;
L_0x7fcb8af6a2e0 .delay 1 (100,100,100) L_0x7fcb8af6a2e0/d;
L_0x7fcb8af6a600/d .functor AND 1, L_0x7fcb8af6ad50, L_0x7fcb8af6a4b0, C4<1>, C4<1>;
L_0x7fcb8af6a600 .delay 1 (100,100,100) L_0x7fcb8af6a600/d;
L_0x7fcb8af6a760/d .functor XOR 1, L_0x7fcb8af6ad50, L_0x7fcb8af6a4b0, C4<0>, C4<0>;
L_0x7fcb8af6a760 .delay 1 (200,200,200) L_0x7fcb8af6a760/d;
L_0x7fcb8af6a8e0/d .functor OR 1, L_0x7fcb8af6a2e0, L_0x7fcb8af6a600, C4<0>, C4<0>;
L_0x7fcb8af6a8e0 .delay 1 (150,150,150) L_0x7fcb8af6a8e0/d;
v0x7fcb8af4f640_0 .net "Ci", 0 0, L_0x7fcb8af6ad50;  1 drivers
v0x7fcb8af4f6d0_0 .net "Co", 0 0, L_0x7fcb8af6a8e0;  1 drivers
v0x7fcb8af4f770_0 .net "S", 0 0, L_0x7fcb8af6a760;  1 drivers
v0x7fcb8af4f820_0 .net "d1", 0 0, L_0x7fcb8af6a2e0;  1 drivers
v0x7fcb8af4f8c0_0 .net "d2", 0 0, L_0x7fcb8af6a600;  1 drivers
v0x7fcb8af4f9a0_0 .net "s1", 0 0, L_0x7fcb8af6a4b0;  1 drivers
v0x7fcb8af4fa40_0 .net "x", 0 0, L_0x7fcb8af6aaa0;  1 drivers
v0x7fcb8af4fae0_0 .net "y", 0 0, L_0x7fcb8af6abe0;  1 drivers
S_0x7fcb8af4fc00 .scope module, "f9" "FullAdder" 2 132, 2 39 0, S_0x7fcb8af481e0;
 .timescale -9 -10;
    .port_info 0 /OUTPUT 1 "S"
    .port_info 1 /OUTPUT 1 "Co"
    .port_info 2 /INPUT 1 "x"
    .port_info 3 /INPUT 1 "y"
    .port_info 4 /INPUT 1 "Ci"
L_0x7fcb8af6a3f0/d .functor XOR 1, L_0x7fcb8af6b470, L_0x7fcb8af6b7b0, C4<0>, C4<0>;
L_0x7fcb8af6a3f0 .delay 1 (200,200,200) L_0x7fcb8af6a3f0/d;
L_0x7fcb8af687d0/d .functor AND 1, L_0x7fcb8af6b470, L_0x7fcb8af6b7b0, C4<1>, C4<1>;
L_0x7fcb8af687d0 .delay 1 (100,100,100) L_0x7fcb8af687d0/d;
L_0x7fcb8af6afd0/d .functor AND 1, L_0x7fcb8af66a60, L_0x7fcb8af6a3f0, C4<1>, C4<1>;
L_0x7fcb8af6afd0 .delay 1 (100,100,100) L_0x7fcb8af6afd0/d;
L_0x7fcb8af6b130/d .functor XOR 1, L_0x7fcb8af66a60, L_0x7fcb8af6a3f0, C4<0>, C4<0>;
L_0x7fcb8af6b130 .delay 1 (200,200,200) L_0x7fcb8af6b130/d;
L_0x7fcb8af6b2b0/d .functor OR 1, L_0x7fcb8af687d0, L_0x7fcb8af6afd0, C4<0>, C4<0>;
L_0x7fcb8af6b2b0 .delay 1 (150,150,150) L_0x7fcb8af6b2b0/d;
v0x7fcb8af4fe30_0 .net "Ci", 0 0, L_0x7fcb8af66a60;  1 drivers
v0x7fcb8af4fec0_0 .net "Co", 0 0, L_0x7fcb8af6b2b0;  1 drivers
v0x7fcb8af4ff60_0 .net "S", 0 0, L_0x7fcb8af6b130;  1 drivers
v0x7fcb8af50010_0 .net "d1", 0 0, L_0x7fcb8af687d0;  1 drivers
v0x7fcb8af500b0_0 .net "d2", 0 0, L_0x7fcb8af6afd0;  1 drivers
v0x7fcb8af50190_0 .net "s1", 0 0, L_0x7fcb8af6a3f0;  1 drivers
v0x7fcb8af50230_0 .net "x", 0 0, L_0x7fcb8af6b470;  1 drivers
v0x7fcb8af502d0_0 .net "y", 0 0, L_0x7fcb8af6b7b0;  1 drivers
    .scope S_0x7fcb8af05050;
T_0 ;
    %delay 1000, 0;
    %pushi/vec4 0, 0, 16;
    %store/vec4 v0x7fcb8af50870_0, 0, 16;
    %pushi/vec4 0, 0, 16;
    %store/vec4 v0x7fcb8af50940_0, 0, 16;
    %pushi/vec4 0, 0, 1;
    %store/vec4 v0x7fcb8af50aa0_0, 0, 1;
    %delay 6000, 0;
    %pushi/vec4 4964, 0, 16;
    %store/vec4 v0x7fcb8af50870_0, 0, 16;
    %pushi/vec4 1, 0, 16;
    %store/vec4 v0x7fcb8af50940_0, 0, 16;
    %pushi/vec4 0, 0, 1;
    %store/vec4 v0x7fcb8af50aa0_0, 0, 1;
    %delay 6000, 0;
    %pushi/vec4 8, 0, 16;
    %store/vec4 v0x7fcb8af50870_0, 0, 16;
    %pushi/vec4 256, 0, 16;
    %store/vec4 v0x7fcb8af50940_0, 0, 16;
    %pushi/vec4 0, 0, 1;
    %store/vec4 v0x7fcb8af50aa0_0, 0, 1;
    %delay 6000, 0;
    %pushi/vec4 2, 0, 16;
    %store/vec4 v0x7fcb8af50870_0, 0, 16;
    %pushi/vec4 271, 0, 16;
    %store/vec4 v0x7fcb8af50940_0, 0, 16;
    %pushi/vec4 0, 0, 1;
    %store/vec4 v0x7fcb8af50aa0_0, 0, 1;
    %delay 6000, 0;
    %pushi/vec4 65534, 0, 16;
    %store/vec4 v0x7fcb8af50870_0, 0, 16;
    %pushi/vec4 65535, 0, 16;
    %store/vec4 v0x7fcb8af50940_0, 0, 16;
    %pushi/vec4 0, 0, 1;
    %store/vec4 v0x7fcb8af50aa0_0, 0, 1;
    %delay 6000, 0;
    %pushi/vec4 5, 0, 16;
    %store/vec4 v0x7fcb8af50870_0, 0, 16;
    %pushi/vec4 5, 0, 16;
    %store/vec4 v0x7fcb8af50940_0, 0, 16;
    %pushi/vec4 0, 0, 1;
    %store/vec4 v0x7fcb8af50aa0_0, 0, 1;
    %delay 6000, 0;
    %pushi/vec4 13, 0, 16;
    %store/vec4 v0x7fcb8af50870_0, 0, 16;
    %pushi/vec4 13, 0, 16;
    %store/vec4 v0x7fcb8af50940_0, 0, 16;
    %pushi/vec4 0, 0, 1;
    %store/vec4 v0x7fcb8af50aa0_0, 0, 1;
    %delay 6000, 0;
    %pushi/vec4 5, 0, 16;
    %store/vec4 v0x7fcb8af50870_0, 0, 16;
    %pushi/vec4 5, 0, 16;
    %store/vec4 v0x7fcb8af50940_0, 0, 16;
    %pushi/vec4 0, 0, 1;
    %store/vec4 v0x7fcb8af50aa0_0, 0, 1;
    %delay 6000, 0;
    %pushi/vec4 1023, 0, 16;
    %store/vec4 v0x7fcb8af50870_0, 0, 16;
    %pushi/vec4 1, 0, 16;
    %store/vec4 v0x7fcb8af50940_0, 0, 16;
    %pushi/vec4 0, 0, 1;
    %store/vec4 v0x7fcb8af50aa0_0, 0, 1;
    %delay 6000, 0;
    %pushi/vec4 1, 0, 16;
    %store/vec4 v0x7fcb8af50870_0, 0, 16;
    %pushi/vec4 65535, 0, 16;
    %store/vec4 v0x7fcb8af50940_0, 0, 16;
    %pushi/vec4 0, 0, 1;
    %store/vec4 v0x7fcb8af50aa0_0, 0, 1;
    %delay 6000, 0;
    %pushi/vec4 0, 0, 16;
    %store/vec4 v0x7fcb8af50870_0, 0, 16;
    %pushi/vec4 65535, 0, 16;
    %store/vec4 v0x7fcb8af50940_0, 0, 16;
    %pushi/vec4 0, 0, 1;
    %store/vec4 v0x7fcb8af50aa0_0, 0, 1;
    %end;
    .thread T_0;
    .scope S_0x7fcb8af05050;
T_1 ;
    %delay 90000, 0;
    %vpi_call 2 33 "$finish" {0 0 0};
    %end;
    .thread T_1;
    .scope S_0x7fcb8af05050;
T_2 ;
    %vpi_call 2 34 "$dumpvars" {0 0 0};
    %end;
    .thread T_2;
# The file index is used to find the file name in the following table.
:file_names 3;
    "N/A";
    "<interactive>";
    "compare.v";
