#! /usr/local/Cellar/icarus-verilog/10.3/bin/vvp
:ivl_version "10.3 (stable)" "(v10_3)";
:ivl_delay_selection "TYPICAL";
:vpi_time_precision - 10;
:vpi_module "system";
:vpi_module "vhdl_sys";
:vpi_module "v2005_math";
:vpi_module "va_math";
S_0x7fbe19509aa0 .scope module, "USR_TB" "USR_TB" 2 33;
 .timescale -9 -10;
v0x7fbe1951aaf0_0 .net "A_bc", 3 0, v0x7fbe19509da0_0;  1 drivers
v0x7fbe1951aba0_0 .net "A_usr", 3 0, v0x7fbe1951a500_0;  1 drivers
v0x7fbe1951ac30_0 .var "I", 3 0;
v0x7fbe1951ad00_0 .var "clear", 0 0;
v0x7fbe1951add0_0 .var "clk", 0 0;
v0x7fbe1951aee0_0 .var "cnt", 0 0;
v0x7fbe1951af70_0 .var "ld", 0 0;
v0x7fbe1951b000_0 .var "lsb_in", 0 0;
v0x7fbe1951b090_0 .var "msb_in", 0 0;
v0x7fbe1951b1a0_0 .var "s0", 0 0;
v0x7fbe1951b230_0 .var "s1", 0 0;
S_0x7fbe19509c00 .scope module, "bc" "bc_4bit" 2 42, 2 81 0, S_0x7fbe19509aa0;
 .timescale -9 -10;
    .port_info 0 /INPUT 1 "cnt"
    .port_info 1 /INPUT 1 "ld"
    .port_info 2 /OUTPUT 4 "A"
    .port_info 3 /INPUT 4 "I"
    .port_info 4 /INPUT 1 "clear"
    .port_info 5 /INPUT 1 "clk"
v0x7fbe19509da0_0 .var "A", 3 0;
v0x7fbe19519e60_0 .net "I", 3 0, v0x7fbe1951ac30_0;  1 drivers
v0x7fbe19519f00_0 .net "clear", 0 0, v0x7fbe1951ad00_0;  1 drivers
v0x7fbe19519fb0_0 .net "clk", 0 0, v0x7fbe1951add0_0;  1 drivers
v0x7fbe1951a040_0 .net "cnt", 0 0, v0x7fbe1951aee0_0;  1 drivers
v0x7fbe1951a120_0 .net "ld", 0 0, v0x7fbe1951af70_0;  1 drivers
E_0x7fbe19509d60/0 .event negedge, v0x7fbe19519f00_0;
E_0x7fbe19509d60/1 .event posedge, v0x7fbe19519fb0_0;
E_0x7fbe19509d60 .event/or E_0x7fbe19509d60/0, E_0x7fbe19509d60/1;
S_0x7fbe1951a250 .scope module, "usr" "USR" 2 41, 2 5 0, S_0x7fbe19509aa0;
 .timescale -9 -10;
    .port_info 0 /INPUT 1 "s0"
    .port_info 1 /INPUT 1 "s1"
    .port_info 2 /OUTPUT 4 "A"
    .port_info 3 /INPUT 4 "I"
    .port_info 4 /INPUT 1 "clear"
    .port_info 5 /INPUT 1 "clk"
    .port_info 6 /INPUT 1 "msb_in"
    .port_info 7 /INPUT 1 "lsb_in"
v0x7fbe1951a500_0 .var "A", 3 0;
v0x7fbe1951a590_0 .net "I", 3 0, v0x7fbe1951ac30_0;  alias, 1 drivers
v0x7fbe1951a640_0 .net "clear", 0 0, v0x7fbe1951ad00_0;  alias, 1 drivers
v0x7fbe1951a710_0 .net "clk", 0 0, v0x7fbe1951add0_0;  alias, 1 drivers
v0x7fbe1951a7a0_0 .net "lsb_in", 0 0, v0x7fbe1951b000_0;  1 drivers
v0x7fbe1951a870_0 .net "msb_in", 0 0, v0x7fbe1951b090_0;  1 drivers
v0x7fbe1951a900_0 .net "s0", 0 0, v0x7fbe1951b1a0_0;  1 drivers
v0x7fbe1951a990_0 .net "s1", 0 0, v0x7fbe1951b230_0;  1 drivers
    .scope S_0x7fbe1951a250;
T_0 ;
    %wait E_0x7fbe19509d60;
    %load/vec4 v0x7fbe1951a640_0;
    %cmpi/e 0, 0, 1;
    %jmp/0xz  T_0.0, 4;
    %pushi/vec4 0, 0, 4;
    %assign/vec4 v0x7fbe1951a500_0, 0;
    %jmp T_0.1;
T_0.0 ;
    %load/vec4 v0x7fbe1951a900_0;
    %pad/u 32;
    %pushi/vec4 0, 0, 32;
    %cmp/e;
    %flag_get/vec4 4;
    %load/vec4 v0x7fbe1951a990_0;
    %pad/u 32;
    %pushi/vec4 0, 0, 32;
    %cmp/e;
    %flag_get/vec4 4;
    %and;
    %flag_set/vec4 8;
    %jmp/0xz  T_0.2, 8;
    %load/vec4 v0x7fbe1951a500_0;
    %assign/vec4 v0x7fbe1951a500_0, 0;
    %jmp T_0.3;
T_0.2 ;
    %load/vec4 v0x7fbe1951a900_0;
    %pad/u 32;
    %pushi/vec4 1, 0, 32;
    %cmp/e;
    %flag_get/vec4 4;
    %load/vec4 v0x7fbe1951a990_0;
    %pad/u 32;
    %pushi/vec4 0, 0, 32;
    %cmp/e;
    %flag_get/vec4 4;
    %and;
    %flag_set/vec4 8;
    %jmp/0xz  T_0.4, 8;
    %load/vec4 v0x7fbe1951a870_0;
    %load/vec4 v0x7fbe1951a500_0;
    %parti/s 3, 1, 2;
    %concat/vec4; draw_concat_vec4
    %assign/vec4 v0x7fbe1951a500_0, 0;
    %jmp T_0.5;
T_0.4 ;
    %load/vec4 v0x7fbe1951a900_0;
    %pad/u 32;
    %pushi/vec4 0, 0, 32;
    %cmp/e;
    %flag_get/vec4 4;
    %load/vec4 v0x7fbe1951a990_0;
    %pad/u 32;
    %pushi/vec4 1, 0, 32;
    %cmp/e;
    %flag_get/vec4 4;
    %and;
    %flag_set/vec4 8;
    %jmp/0xz  T_0.6, 8;
    %load/vec4 v0x7fbe1951a500_0;
    %parti/s 3, 0, 2;
    %load/vec4 v0x7fbe1951a7a0_0;
    %concat/vec4; draw_concat_vec4
    %assign/vec4 v0x7fbe1951a500_0, 0;
    %jmp T_0.7;
T_0.6 ;
    %load/vec4 v0x7fbe1951a900_0;
    %pad/u 32;
    %pushi/vec4 1, 0, 32;
    %cmp/e;
    %flag_get/vec4 4;
    %load/vec4 v0x7fbe1951a990_0;
    %pad/u 32;
    %pushi/vec4 1, 0, 32;
    %cmp/e;
    %flag_get/vec4 4;
    %and;
    %flag_set/vec4 8;
    %jmp/0xz  T_0.8, 8;
    %load/vec4 v0x7fbe1951a590_0;
    %assign/vec4 v0x7fbe1951a500_0, 0;
T_0.8 ;
T_0.7 ;
T_0.5 ;
T_0.3 ;
T_0.1 ;
    %jmp T_0;
    .thread T_0;
    .scope S_0x7fbe19509c00;
T_1 ;
    %wait E_0x7fbe19509d60;
    %load/vec4 v0x7fbe19519f00_0;
    %cmpi/e 0, 0, 1;
    %jmp/0xz  T_1.0, 4;
    %pushi/vec4 0, 0, 4;
    %assign/vec4 v0x7fbe19509da0_0, 0;
    %jmp T_1.1;
T_1.0 ;
    %load/vec4 v0x7fbe1951a120_0;
    %pad/u 32;
    %cmpi/e 1, 0, 32;
    %jmp/0xz  T_1.2, 4;
    %load/vec4 v0x7fbe19519e60_0;
    %assign/vec4 v0x7fbe19509da0_0, 0;
    %jmp T_1.3;
T_1.2 ;
    %load/vec4 v0x7fbe1951a120_0;
    %pad/u 32;
    %pushi/vec4 0, 0, 32;
    %cmp/e;
    %flag_get/vec4 4;
    %load/vec4 v0x7fbe1951a040_0;
    %pad/u 32;
    %pushi/vec4 1, 0, 32;
    %cmp/e;
    %flag_get/vec4 4;
    %and;
    %load/vec4 v0x7fbe19509da0_0;
    %pushi/vec4 15, 0, 4;
    %cmp/e;
    %flag_get/vec4 4;
    %and;
    %flag_set/vec4 8;
    %jmp/0xz  T_1.4, 8;
    %pushi/vec4 0, 0, 4;
    %assign/vec4 v0x7fbe19509da0_0, 0;
    %jmp T_1.5;
T_1.4 ;
    %load/vec4 v0x7fbe1951a120_0;
    %pad/u 32;
    %pushi/vec4 0, 0, 32;
    %cmp/e;
    %flag_get/vec4 4;
    %load/vec4 v0x7fbe1951a040_0;
    %pad/u 32;
    %pushi/vec4 1, 0, 32;
    %cmp/e;
    %flag_get/vec4 4;
    %and;
    %flag_set/vec4 8;
    %jmp/0xz  T_1.6, 8;
    %load/vec4 v0x7fbe19509da0_0;
    %addi 1, 0, 4;
    %assign/vec4 v0x7fbe19509da0_0, 0;
    %jmp T_1.7;
T_1.6 ;
    %load/vec4 v0x7fbe1951a120_0;
    %pad/u 32;
    %pushi/vec4 0, 0, 32;
    %cmp/e;
    %flag_get/vec4 4;
    %load/vec4 v0x7fbe1951a040_0;
    %pad/u 32;
    %pushi/vec4 0, 0, 32;
    %cmp/e;
    %flag_get/vec4 4;
    %and;
    %flag_set/vec4 8;
    %jmp/0xz  T_1.8, 8;
    %load/vec4 v0x7fbe19509da0_0;
    %assign/vec4 v0x7fbe19509da0_0, 0;
T_1.8 ;
T_1.7 ;
T_1.5 ;
T_1.3 ;
T_1.1 ;
    %jmp T_1;
    .thread T_1;
    .scope S_0x7fbe19509aa0;
T_2 ;
    %pushi/vec4 0, 0, 1;
    %store/vec4 v0x7fbe1951add0_0, 0, 1;
    %pushi/vec4 50, 0, 32;
T_2.0 %dup/vec4;
    %pushi/vec4 0, 0, 32;
    %cmp/s;
    %jmp/1xz T_2.1, 5;
    %jmp/1 T_2.1, 4;
    %pushi/vec4 1, 0, 32;
    %sub;
    %delay 500, 0;
    %load/vec4 v0x7fbe1951add0_0;
    %inv;
    %store/vec4 v0x7fbe1951add0_0, 0, 1;
    %jmp T_2.0;
T_2.1 ;
    %pop/vec4 1;
    %end;
    .thread T_2;
    .scope S_0x7fbe19509aa0;
T_3 ;
    %pushi/vec4 1, 0, 1;
    %store/vec4 v0x7fbe1951b1a0_0, 0, 1;
    %pushi/vec4 1, 0, 1;
    %store/vec4 v0x7fbe1951b230_0, 0, 1;
    %pushi/vec4 15, 0, 4;
    %store/vec4 v0x7fbe1951ac30_0, 0, 4;
    %pushi/vec4 1, 0, 1;
    %store/vec4 v0x7fbe1951ad00_0, 0, 1;
    %pushi/vec4 1, 0, 1;
    %store/vec4 v0x7fbe1951b090_0, 0, 1;
    %pushi/vec4 1, 0, 1;
    %store/vec4 v0x7fbe1951b000_0, 0, 1;
    %pushi/vec4 0, 0, 1;
    %store/vec4 v0x7fbe1951aee0_0, 0, 1;
    %pushi/vec4 0, 0, 1;
    %store/vec4 v0x7fbe1951af70_0, 0, 1;
    %delay 1000, 0;
    %pushi/vec4 0, 0, 1;
    %store/vec4 v0x7fbe1951b1a0_0, 0, 1;
    %pushi/vec4 0, 0, 1;
    %store/vec4 v0x7fbe1951b230_0, 0, 1;
    %pushi/vec4 1, 0, 4;
    %store/vec4 v0x7fbe1951ac30_0, 0, 4;
    %pushi/vec4 1, 0, 1;
    %store/vec4 v0x7fbe1951ad00_0, 0, 1;
    %pushi/vec4 1, 0, 1;
    %store/vec4 v0x7fbe1951b090_0, 0, 1;
    %pushi/vec4 1, 0, 1;
    %store/vec4 v0x7fbe1951b000_0, 0, 1;
    %pushi/vec4 1, 0, 1;
    %store/vec4 v0x7fbe1951aee0_0, 0, 1;
    %pushi/vec4 1, 0, 1;
    %store/vec4 v0x7fbe1951af70_0, 0, 1;
    %delay 1000, 0;
    %pushi/vec4 1, 0, 1;
    %store/vec4 v0x7fbe1951b1a0_0, 0, 1;
    %pushi/vec4 0, 0, 1;
    %store/vec4 v0x7fbe1951b230_0, 0, 1;
    %pushi/vec4 2, 0, 4;
    %store/vec4 v0x7fbe1951ac30_0, 0, 4;
    %pushi/vec4 1, 0, 1;
    %store/vec4 v0x7fbe1951ad00_0, 0, 1;
    %pushi/vec4 1, 0, 1;
    %store/vec4 v0x7fbe1951b090_0, 0, 1;
    %pushi/vec4 1, 0, 1;
    %store/vec4 v0x7fbe1951b000_0, 0, 1;
    %pushi/vec4 1, 0, 1;
    %store/vec4 v0x7fbe1951aee0_0, 0, 1;
    %pushi/vec4 0, 0, 1;
    %store/vec4 v0x7fbe1951af70_0, 0, 1;
    %delay 1000, 0;
    %pushi/vec4 0, 0, 1;
    %store/vec4 v0x7fbe1951b1a0_0, 0, 1;
    %pushi/vec4 1, 0, 1;
    %store/vec4 v0x7fbe1951b230_0, 0, 1;
    %pushi/vec4 3, 0, 4;
    %store/vec4 v0x7fbe1951ac30_0, 0, 4;
    %pushi/vec4 1, 0, 1;
    %store/vec4 v0x7fbe1951ad00_0, 0, 1;
    %pushi/vec4 1, 0, 1;
    %store/vec4 v0x7fbe1951b090_0, 0, 1;
    %pushi/vec4 1, 0, 1;
    %store/vec4 v0x7fbe1951b000_0, 0, 1;
    %pushi/vec4 1, 0, 1;
    %store/vec4 v0x7fbe1951aee0_0, 0, 1;
    %pushi/vec4 0, 0, 1;
    %store/vec4 v0x7fbe1951af70_0, 0, 1;
    %delay 1000, 0;
    %pushi/vec4 1, 0, 1;
    %store/vec4 v0x7fbe1951b1a0_0, 0, 1;
    %pushi/vec4 0, 0, 1;
    %store/vec4 v0x7fbe1951b230_0, 0, 1;
    %pushi/vec4 4, 0, 4;
    %store/vec4 v0x7fbe1951ac30_0, 0, 4;
    %pushi/vec4 1, 0, 1;
    %store/vec4 v0x7fbe1951ad00_0, 0, 1;
    %pushi/vec4 1, 0, 1;
    %store/vec4 v0x7fbe1951b090_0, 0, 1;
    %pushi/vec4 1, 0, 1;
    %store/vec4 v0x7fbe1951b000_0, 0, 1;
    %pushi/vec4 1, 0, 1;
    %store/vec4 v0x7fbe1951aee0_0, 0, 1;
    %pushi/vec4 0, 0, 1;
    %store/vec4 v0x7fbe1951af70_0, 0, 1;
    %delay 1000, 0;
    %pushi/vec4 1, 0, 1;
    %store/vec4 v0x7fbe1951b1a0_0, 0, 1;
    %pushi/vec4 1, 0, 1;
    %store/vec4 v0x7fbe1951b230_0, 0, 1;
    %pushi/vec4 5, 0, 4;
    %store/vec4 v0x7fbe1951ac30_0, 0, 4;
    %pushi/vec4 1, 0, 1;
    %store/vec4 v0x7fbe1951ad00_0, 0, 1;
    %pushi/vec4 1, 0, 1;
    %store/vec4 v0x7fbe1951b090_0, 0, 1;
    %pushi/vec4 1, 0, 1;
    %store/vec4 v0x7fbe1951b000_0, 0, 1;
    %pushi/vec4 1, 0, 1;
    %store/vec4 v0x7fbe1951aee0_0, 0, 1;
    %pushi/vec4 0, 0, 1;
    %store/vec4 v0x7fbe1951af70_0, 0, 1;
    %delay 1000, 0;
    %pushi/vec4 1, 0, 1;
    %store/vec4 v0x7fbe1951b1a0_0, 0, 1;
    %pushi/vec4 0, 0, 1;
    %store/vec4 v0x7fbe1951b230_0, 0, 1;
    %pushi/vec4 15, 0, 4;
    %store/vec4 v0x7fbe1951ac30_0, 0, 4;
    %pushi/vec4 1, 0, 1;
    %store/vec4 v0x7fbe1951ad00_0, 0, 1;
    %pushi/vec4 1, 0, 1;
    %store/vec4 v0x7fbe1951b090_0, 0, 1;
    %pushi/vec4 1, 0, 1;
    %store/vec4 v0x7fbe1951b000_0, 0, 1;
    %pushi/vec4 1, 0, 1;
    %store/vec4 v0x7fbe1951aee0_0, 0, 1;
    %pushi/vec4 0, 0, 1;
    %store/vec4 v0x7fbe1951af70_0, 0, 1;
    %delay 1000, 0;
    %pushi/vec4 0, 0, 1;
    %store/vec4 v0x7fbe1951b1a0_0, 0, 1;
    %pushi/vec4 0, 0, 1;
    %store/vec4 v0x7fbe1951b230_0, 0, 1;
    %pushi/vec4 1, 0, 4;
    %store/vec4 v0x7fbe1951ac30_0, 0, 4;
    %pushi/vec4 1, 0, 1;
    %store/vec4 v0x7fbe1951ad00_0, 0, 1;
    %pushi/vec4 1, 0, 1;
    %store/vec4 v0x7fbe1951b090_0, 0, 1;
    %pushi/vec4 1, 0, 1;
    %store/vec4 v0x7fbe1951b000_0, 0, 1;
    %pushi/vec4 1, 0, 1;
    %store/vec4 v0x7fbe1951aee0_0, 0, 1;
    %pushi/vec4 0, 0, 1;
    %store/vec4 v0x7fbe1951af70_0, 0, 1;
    %delay 1000, 0;
    %pushi/vec4 0, 0, 1;
    %store/vec4 v0x7fbe1951b1a0_0, 0, 1;
    %pushi/vec4 1, 0, 1;
    %store/vec4 v0x7fbe1951b230_0, 0, 1;
    %pushi/vec4 2, 0, 4;
    %store/vec4 v0x7fbe1951ac30_0, 0, 4;
    %pushi/vec4 1, 0, 1;
    %store/vec4 v0x7fbe1951ad00_0, 0, 1;
    %pushi/vec4 1, 0, 1;
    %store/vec4 v0x7fbe1951b090_0, 0, 1;
    %pushi/vec4 1, 0, 1;
    %store/vec4 v0x7fbe1951b000_0, 0, 1;
    %pushi/vec4 1, 0, 1;
    %store/vec4 v0x7fbe1951aee0_0, 0, 1;
    %pushi/vec4 0, 0, 1;
    %store/vec4 v0x7fbe1951af70_0, 0, 1;
    %delay 1000, 0;
    %pushi/vec4 1, 0, 1;
    %store/vec4 v0x7fbe1951b1a0_0, 0, 1;
    %pushi/vec4 0, 0, 1;
    %store/vec4 v0x7fbe1951b230_0, 0, 1;
    %pushi/vec4 3, 0, 4;
    %store/vec4 v0x7fbe1951ac30_0, 0, 4;
    %pushi/vec4 1, 0, 1;
    %store/vec4 v0x7fbe1951ad00_0, 0, 1;
    %pushi/vec4 1, 0, 1;
    %store/vec4 v0x7fbe1951b090_0, 0, 1;
    %pushi/vec4 1, 0, 1;
    %store/vec4 v0x7fbe1951b000_0, 0, 1;
    %pushi/vec4 1, 0, 1;
    %store/vec4 v0x7fbe1951aee0_0, 0, 1;
    %pushi/vec4 0, 0, 1;
    %store/vec4 v0x7fbe1951af70_0, 0, 1;
    %delay 1000, 0;
    %pushi/vec4 1, 0, 1;
    %store/vec4 v0x7fbe1951b1a0_0, 0, 1;
    %pushi/vec4 0, 0, 1;
    %store/vec4 v0x7fbe1951b230_0, 0, 1;
    %pushi/vec4 4, 0, 4;
    %store/vec4 v0x7fbe1951ac30_0, 0, 4;
    %pushi/vec4 1, 0, 1;
    %store/vec4 v0x7fbe1951ad00_0, 0, 1;
    %pushi/vec4 1, 0, 1;
    %store/vec4 v0x7fbe1951b090_0, 0, 1;
    %pushi/vec4 1, 0, 1;
    %store/vec4 v0x7fbe1951b000_0, 0, 1;
    %pushi/vec4 1, 0, 1;
    %store/vec4 v0x7fbe1951aee0_0, 0, 1;
    %pushi/vec4 0, 0, 1;
    %store/vec4 v0x7fbe1951af70_0, 0, 1;
    %delay 1000, 0;
    %pushi/vec4 1, 0, 1;
    %store/vec4 v0x7fbe1951b1a0_0, 0, 1;
    %pushi/vec4 0, 0, 1;
    %store/vec4 v0x7fbe1951b230_0, 0, 1;
    %pushi/vec4 5, 0, 4;
    %store/vec4 v0x7fbe1951ac30_0, 0, 4;
    %pushi/vec4 1, 0, 1;
    %store/vec4 v0x7fbe1951ad00_0, 0, 1;
    %pushi/vec4 1, 0, 1;
    %store/vec4 v0x7fbe1951b090_0, 0, 1;
    %pushi/vec4 1, 0, 1;
    %store/vec4 v0x7fbe1951b000_0, 0, 1;
    %pushi/vec4 1, 0, 1;
    %store/vec4 v0x7fbe1951aee0_0, 0, 1;
    %pushi/vec4 0, 0, 1;
    %store/vec4 v0x7fbe1951af70_0, 0, 1;
    %delay 1000, 0;
    %pushi/vec4 1, 0, 1;
    %store/vec4 v0x7fbe1951b1a0_0, 0, 1;
    %pushi/vec4 1, 0, 1;
    %store/vec4 v0x7fbe1951b230_0, 0, 1;
    %pushi/vec4 15, 0, 4;
    %store/vec4 v0x7fbe1951ac30_0, 0, 4;
    %pushi/vec4 1, 0, 1;
    %store/vec4 v0x7fbe1951ad00_0, 0, 1;
    %pushi/vec4 1, 0, 1;
    %store/vec4 v0x7fbe1951b090_0, 0, 1;
    %pushi/vec4 1, 0, 1;
    %store/vec4 v0x7fbe1951b000_0, 0, 1;
    %pushi/vec4 1, 0, 1;
    %store/vec4 v0x7fbe1951aee0_0, 0, 1;
    %pushi/vec4 0, 0, 1;
    %store/vec4 v0x7fbe1951af70_0, 0, 1;
    %delay 1000, 0;
    %pushi/vec4 0, 0, 1;
    %store/vec4 v0x7fbe1951b1a0_0, 0, 1;
    %pushi/vec4 1, 0, 1;
    %store/vec4 v0x7fbe1951b230_0, 0, 1;
    %pushi/vec4 2, 0, 4;
    %store/vec4 v0x7fbe1951ac30_0, 0, 4;
    %pushi/vec4 1, 0, 1;
    %store/vec4 v0x7fbe1951ad00_0, 0, 1;
    %pushi/vec4 1, 0, 1;
    %store/vec4 v0x7fbe1951b090_0, 0, 1;
    %pushi/vec4 1, 0, 1;
    %store/vec4 v0x7fbe1951b000_0, 0, 1;
    %pushi/vec4 1, 0, 1;
    %store/vec4 v0x7fbe1951aee0_0, 0, 1;
    %pushi/vec4 0, 0, 1;
    %store/vec4 v0x7fbe1951af70_0, 0, 1;
    %delay 1000, 0;
    %pushi/vec4 0, 0, 1;
    %store/vec4 v0x7fbe1951b1a0_0, 0, 1;
    %pushi/vec4 0, 0, 1;
    %store/vec4 v0x7fbe1951b230_0, 0, 1;
    %pushi/vec4 3, 0, 4;
    %store/vec4 v0x7fbe1951ac30_0, 0, 4;
    %pushi/vec4 1, 0, 1;
    %store/vec4 v0x7fbe1951ad00_0, 0, 1;
    %pushi/vec4 1, 0, 1;
    %store/vec4 v0x7fbe1951b090_0, 0, 1;
    %pushi/vec4 1, 0, 1;
    %store/vec4 v0x7fbe1951b000_0, 0, 1;
    %pushi/vec4 1, 0, 1;
    %store/vec4 v0x7fbe1951aee0_0, 0, 1;
    %pushi/vec4 0, 0, 1;
    %store/vec4 v0x7fbe1951af70_0, 0, 1;
    %delay 1000, 0;
    %pushi/vec4 1, 0, 1;
    %store/vec4 v0x7fbe1951b1a0_0, 0, 1;
    %pushi/vec4 0, 0, 1;
    %store/vec4 v0x7fbe1951b230_0, 0, 1;
    %pushi/vec4 4, 0, 4;
    %store/vec4 v0x7fbe1951ac30_0, 0, 4;
    %pushi/vec4 1, 0, 1;
    %store/vec4 v0x7fbe1951ad00_0, 0, 1;
    %pushi/vec4 1, 0, 1;
    %store/vec4 v0x7fbe1951b090_0, 0, 1;
    %pushi/vec4 1, 0, 1;
    %store/vec4 v0x7fbe1951b000_0, 0, 1;
    %pushi/vec4 0, 0, 1;
    %store/vec4 v0x7fbe1951aee0_0, 0, 1;
    %pushi/vec4 1, 0, 1;
    %store/vec4 v0x7fbe1951af70_0, 0, 1;
    %delay 1000, 0;
    %pushi/vec4 1, 0, 1;
    %store/vec4 v0x7fbe1951b1a0_0, 0, 1;
    %pushi/vec4 1, 0, 1;
    %store/vec4 v0x7fbe1951b230_0, 0, 1;
    %pushi/vec4 5, 0, 4;
    %store/vec4 v0x7fbe1951ac30_0, 0, 4;
    %pushi/vec4 1, 0, 1;
    %store/vec4 v0x7fbe1951ad00_0, 0, 1;
    %pushi/vec4 1, 0, 1;
    %store/vec4 v0x7fbe1951b090_0, 0, 1;
    %pushi/vec4 1, 0, 1;
    %store/vec4 v0x7fbe1951b000_0, 0, 1;
    %pushi/vec4 0, 0, 1;
    %store/vec4 v0x7fbe1951aee0_0, 0, 1;
    %pushi/vec4 1, 0, 1;
    %store/vec4 v0x7fbe1951af70_0, 0, 1;
    %delay 1000, 0;
    %pushi/vec4 1, 0, 1;
    %store/vec4 v0x7fbe1951b1a0_0, 0, 1;
    %pushi/vec4 1, 0, 1;
    %store/vec4 v0x7fbe1951b230_0, 0, 1;
    %pushi/vec4 15, 0, 4;
    %store/vec4 v0x7fbe1951ac30_0, 0, 4;
    %pushi/vec4 0, 0, 1;
    %store/vec4 v0x7fbe1951ad00_0, 0, 1;
    %pushi/vec4 1, 0, 1;
    %store/vec4 v0x7fbe1951b090_0, 0, 1;
    %pushi/vec4 1, 0, 1;
    %store/vec4 v0x7fbe1951b000_0, 0, 1;
    %pushi/vec4 0, 0, 1;
    %store/vec4 v0x7fbe1951aee0_0, 0, 1;
    %pushi/vec4 0, 0, 1;
    %store/vec4 v0x7fbe1951af70_0, 0, 1;
    %end;
    .thread T_3;
    .scope S_0x7fbe19509aa0;
T_4 ;
    %delay 20000, 0;
    %vpi_call 2 72 "$finish" {0 0 0};
    %end;
    .thread T_4;
    .scope S_0x7fbe19509aa0;
T_5 ;
    %vpi_call 2 73 "$dumpvars" {0 0 0};
    %end;
    .thread T_5;
# The file index is used to find the file name in the following table.
:file_names 3;
    "N/A";
    "<interactive>";
    "w5.v";
